received: 42["chat_message","chat_custom_queue_bottest",{"text":"Gapped joined the custom lobby."}]
received: 42["queue_update",{"playerIndices":[0],"playerColors":[0],"lobbyIndex":0,"isForcing":false,"numPlayers":1,"numForce":[],"teams":[1],"usernames":["Gapped"],"options":{"map":null,"modifiers":[]}}]
received: 42["queue_update",{"playerIndices":[0],"playerColors":[0],"lobbyIndex":0,"isForcing":false,"numPlayers":1,"numForce":[],"teams":[1],"usernames":["Gapped"],"options":{"map":null,"game_speed":2,"modifiers":[]}}]
received: 42["chat_message","chat_custom_queue_bottest",{"text":"Gapped changed the Game Speed option to 2.","playerColor":0}]
received: 435[]
received: 42["chat_message","chat_custom_queue_bottest",{"text":"qwdejwiferog joined the custom lobby.","playerColor":1}]
received: 42["queue_update",{"playerIndices":[0],"playerColors":[0],"lobbyIndex":0,"isForcing":false,"numPlayers":1,"numForce":[],"teams":[1],"usernames":["Gapped"],"options":{"map":null,"game_speed":2,"modifiers":[]}}]
received: 42["notify","qwdejwiferog joined the custom game","There are now 1 players in the lobby."]
received: 42["queue_update",{"playerIndices":[0,1],"playerColors":[0,1],"lobbyIndex":0,"isForcing":false,"numPlayers":2,"numForce":[],"teams":[1,2],"usernames":["Gapped","qwdejwiferog"],"options":{"map":null,"game_speed":2,"modifiers":[]}}]
received: 42["queue_update",{"playerIndices":[0,1],"playerColors":[0,1],"lobbyIndex":0,"isForcing":true,"numPlayers":2,"numForce":[0],"teams":[1,2],"usernames":["Gapped","qwdejwiferog"],"options":{"map":null,"game_speed":2,"modifiers":[]}}]
received: 42["pre_game_start"]
received: 42["game_start",{"playerIndex":0,"playerColors":[0,1],"replay_id":"BcG9QFmCO","chat_room":"game_17272966162141XYYnF9wJBYJCHL6DpYT","usernames":["Gapped","qwdejwiferog"],"teams":[1,2],"game_type":"custom","swamps":[],"lights":[],"options":{"map":null,"width":null,"height":null,"game_speed":2,"modifiers":[],"mountain_density":null,"city_density":null,"lookout_density":null,"observatory_density":null,"swamp_density":null,"desert_density":null,"max_players":null,"city_fairness":null,"spawn_fairness":null,"defeat_spectate":null,"spectate_chat":null,"public":null,"chatRecordingDisabled":null,"eventId":null}},null]
received: 42["game_update",{"scores":[{"total":1,"tiles":1,"i":0,"color":0,"dead":false},{"total":1,"tiles":1,"i":1,"color":1,"dead":false}],"turn":1,"stars":[37,0],"attackIndex":0,"generals":[199,-1],"map_diff":[0,842,20,21,0,0,0,0,0,0,0,0,0,0,0,0,0,0,0,0,0,0,0,0,0,0,0,0,0,0,0,0,0,0,0,0,0,0,0,0,0,0,0,0,0,0,0,0,0,0,0,0,0,0,0,0,0,0,0,0,0,0,0,0,0,0,0,0,0,0,0,0,0,0,0,0,0,0,0,0,0,0,0,0,0,0,0,0,0,0,0,0,0,0,0,0,0,0,0,0,0,0,0,0,0,0,0,0,0,0,0,0,0,0,0,0,0,0,0,0,0,0,0,0,0,0,0,0,0,0,0,0,0,0,0,0,0,0,0,0,0,0,0,0,0,0,0,0,0,0,0,0,0,0,0,0,0,0,0,0,0,0,0,0,0,0,0,0,0,0,0,0,0,0,0,0,0,0,0,0,0,0,0,0,0,0,0,0,0,0,0,0,0,0,0,0,0,0,0,0,0,0,0,1,0,0,0,0,0,0,0,0,0,0,0,0,0,0,0,0,0,0,0,0,0,0,0,0,0,0,0,0,0,0,0,0,0,0,0,0,0,0,0,0,0,0,0,0,0,0,0,0,0,0,0,0,0,0,0,0,0,0,0,0,0,0,0,0,0,0,0,0,0,0,0,0,0,0,0,0,0,0,0,0,0,0,0,0,0,0,0,0,0,0,0,0,0,0,0,0,0,0,0,0,0,0,0,0,0,0,0,0,0,0,0,0,0,0,0,0,0,0,0,0,0,0,0,0,0,0,0,0,0,0,0,0,0,0,0,0,0,0,0,0,0,0,0,0,0,0,0,0,0,0,0,0,0,0,0,0,0,0,0,0,0,0,0,0,0,0,0,0,0,0,0,0,0,0,0,0,0,0,0,0,0,0,0,0,0,0,0,0,0,0,0,0,0,0,0,0,0,0,0,0,0,0,0,0,0,0,0,0,0,0,0,0,0,0,0,0,0,0,0,0,-3,-3,-3,-3,-3,-3,-3,-3,-3,-4,-3,-4,-3,-4,-3,-3,-3,-3,-4,-3,-3,-3,-3,-3,-4,-4,-3,-4,-3,-3,-3,-3,-3,-3,-3,-3,-3,-3,-3,-3,-3,-3,-3,-3,-3,-3,-4,-3,-4,-3,-4,-3,-4,-3,-3,-3,-4,-3,-3,-3,-3,-3,-3,-3,-3,-4,-3,-3,-3,-3,-3,-4,-3,-3,-3,-3,-3,-3,-3,-4,-3,-3,-4,-4,-3,-4,-3,-4,-4,-3,-3,-3,-3,-3,-4,-4,-3,-3,-3,-4,-3,-3,-3,-4,-4,-3,-3,-4,-3,-3,-4,-3,-4,-3,-4,-4,-3,-4,-3,-3,-3,-4,-3,-3,-4,-3,-4,-4,-3,-3,-4,-3,-3,-3,-3,-3,-4,-3,-3,-4,-3,-4,-4,-4,-3,-3,-3,-3,-3,-4,-3,-3,-4,-3,-3,-3,-3,-3,-3,-4,-3,-3,-3,-3,-3,-4,-4,-3,-3,-3,-3,-3,-3,-3,-3,-3,-3,-4,-1,-1,-4,-3,-3,-3,-4,-3,-3,-3,-3,-3,-3,-3,-3,-3,-4,-4,-4,-3,-2,0,-4,-3,-3,-4,-4,-3,-3,-3,-3,-4,-3,-3,-3,-3,-4,-3,-3,-3,-2,-1,-3,-4,-3,-3,-3,-4,-3,-3,-4,-3,-3,-3,-4,-3,-3,-3,-4,-3,-3,-3,-3,-3,-3,-3,-3,-3,-3,-3,-4,-3,-3,-3,-3,-3,-4,-3,-3,-4,-4,-3,-4,-4,-3,-4,-3,-3,-3,-3,-3,-4,-3,-3,-3,-3,-3,-3,-4,-4,-3,-3,-4,-4,-4,-4,-3,-3,-4,-3,-3,-3,-3,-4,-3,-3,-4,-3,-3,-3,-4,-4,-3,-3,-3,-3,-4,-3,-3,-3,-4,-3,-3,-3,-4,-3,-3,-3,-4,-4,-3,-4,-3,-4,-3,-3,-3,-3,-3,-3,-3,-4,-4,-3,-4,-4,-3,-3,-3,-3,-3,-3,-3,-3,-4,-3,-4,-3,-3,-3,-3,-4,-3,-3,-3,-3,-4,-3,-4,-4,-3,-3,-4,-3,-3,-4,-4,-4,-4,-3,-3,-4,-3,-3,-3,-4,-3,-3,-3,-3,-3,-3,-3,-3,-3,-3,-3,-3,-4,-4,-3,-3,-3,-3,-3,-4,-3,-3,-3,-3,-3,-3,-3,-3,-3,-4,-4,-3,-3,-3,-3,-3,-4,-3,-3,-3,-4,-3,-3,-3,-4,-3],"cities_diff":[0,0],"deserts_diff":[0,0]},null]
received: 42["chat_message","game_17272966162141XYYnF9wJBYJCHL6DpYT",{"text":" Chat is being recorded."}]
received: 42["game_update",{"scores":[{"total":2,"tiles":1,"i":0,"color":0,"dead":false},{"total":2,"tiles":1,"i":1,"color":1,"dead":false}],"turn":2,"attackIndex":0,"generals":[199,-1],"map_diff":[201,1,2,640],"cities_diff":[0],"deserts_diff":[0]},null]
received: 42["game_update",{"scores":[{"total":2,"tiles":1,"i":0,"color":0,"dead":false},{"total":2,"tiles":1,"i":1,"color":1,"dead":false}],"turn":3,"attackIndex":0,"generals":[199,-1],"map_diff":[842],"cities_diff":[0],"deserts_diff":[0]},null]
received: 42["game_update",{"scores":[{"total":3,"tiles":1,"i":0,"color":0,"dead":false},{"total":3,"tiles":1,"i":1,"color":1,"dead":false}],"turn":4,"attackIndex":0,"generals":[199,-1],"map_diff":[201,1,3,640],"cities_diff":[0],"deserts_diff":[0]},null]
received: 42["game_update",{"scores":[{"total":3,"tiles":1,"i":0,"color":0,"dead":false},{"total":3,"tiles":1,"i":1,"color":1,"dead":false}],"turn":5,"attackIndex":0,"generals":[199,-1],"map_diff":[842],"cities_diff":[0],"deserts_diff":[0]},null]
received: 42["game_update",{"scores":[{"total":4,"tiles":1,"i":0,"color":0,"dead":false},{"total":4,"tiles":1,"i":1,"color":1,"dead":false}],"turn":6,"attackIndex":0,"generals":[199,-1],"map_diff":[201,1,4,640],"cities_diff":[0],"deserts_diff":[0]},null]
received: 42["game_update",{"scores":[{"total":4,"tiles":1,"i":0,"color":0,"dead":false},{"total":4,"tiles":1,"i":1,"color":1,"dead":false}],"turn":7,"attackIndex":0,"generals":[199,-1],"map_diff":[842],"cities_diff":[0],"deserts_diff":[0]},null]
received: 42["game_update",{"scores":[{"total":5,"tiles":1,"i":0,"color":0,"dead":false},{"total":5,"tiles":1,"i":1,"color":1,"dead":false}],"turn":8,"attackIndex":0,"generals":[199,-1],"map_diff":[201,1,5,640],"cities_diff":[0],"deserts_diff":[0]},null]
received: 42["game_update",{"scores":[{"total":5,"tiles":1,"i":0,"color":0,"dead":false},{"total":5,"tiles":1,"i":1,"color":1,"dead":false}],"turn":9,"attackIndex":0,"generals":[199,-1],"map_diff":[842],"cities_diff":[0],"deserts_diff":[0]},null]
received: 42["game_update",{"scores":[{"total":6,"tiles":1,"i":0,"color":0,"dead":false},{"total":6,"tiles":1,"i":1,"color":1,"dead":false}],"turn":10,"attackIndex":0,"generals":[199,-1],"map_diff":[201,1,6,640],"cities_diff":[0],"deserts_diff":[0]},null]
received: 42["game_update",{"scores":[{"total":6,"tiles":1,"i":0,"color":0,"dead":false},{"total":6,"tiles":1,"i":1,"color":1,"dead":false}],"turn":11,"attackIndex":0,"generals":[199,-1],"map_diff":[842],"cities_diff":[0],"deserts_diff":[0]},null]
received: 42["game_update",{"scores":[{"total":7,"tiles":1,"i":0,"color":0,"dead":false},{"total":7,"tiles":1,"i":1,"color":1,"dead":false}],"turn":12,"attackIndex":0,"generals":[199,-1],"map_diff":[201,1,7,640],"cities_diff":[0],"deserts_diff":[0]},null]
received: 42["game_update",{"scores":[{"total":7,"tiles":1,"i":0,"color":0,"dead":false},{"total":7,"tiles":1,"i":1,"color":1,"dead":false}],"turn":13,"attackIndex":0,"generals":[199,-1],"map_diff":[842],"cities_diff":[0],"deserts_diff":[0]},null]
received: 42["game_update",{"scores":[{"total":8,"tiles":1,"i":0,"color":0,"dead":false},{"total":8,"tiles":1,"i":1,"color":1,"dead":false}],"turn":14,"attackIndex":0,"generals":[199,-1],"map_diff":[201,1,8,640],"cities_diff":[0],"deserts_diff":[0]},null]
received: 42["game_update",{"scores":[{"total":8,"tiles":1,"i":0,"color":0,"dead":false},{"total":8,"tiles":1,"i":1,"color":1,"dead":false}],"turn":15,"attackIndex":0,"generals":[199,-1],"map_diff":[842],"cities_diff":[0],"deserts_diff":[0]},null]
received: 42["game_update",{"scores":[{"total":9,"tiles":1,"i":0,"color":0,"dead":false},{"total":9,"tiles":1,"i":1,"color":1,"dead":false}],"turn":16,"attackIndex":0,"generals":[199,-1],"map_diff":[201,1,9,640],"cities_diff":[0],"deserts_diff":[0]},null]
received: 42["game_update",{"scores":[{"total":9,"tiles":1,"i":0,"color":0,"dead":false},{"total":9,"tiles":1,"i":1,"color":1,"dead":false}],"turn":17,"attackIndex":0,"generals":[199,-1],"map_diff":[842],"cities_diff":[0],"deserts_diff":[0]},null]
received: 42["game_update",{"scores":[{"total":10,"tiles":1,"i":0,"color":0,"dead":false},{"total":10,"tiles":1,"i":1,"color":1,"dead":false}],"turn":18,"attackIndex":0,"generals":[199,-1],"map_diff":[201,1,10,640],"cities_diff":[0],"deserts_diff":[0]},null]
received: 42["game_update",{"scores":[{"total":10,"tiles":1,"i":0,"color":0,"dead":false},{"total":10,"tiles":1,"i":1,"color":1,"dead":false}],"turn":19,"attackIndex":0,"generals":[199,-1],"map_diff":[842],"cities_diff":[0],"deserts_diff":[0]},null]
received: 42["game_update",{"scores":[{"total":11,"tiles":1,"i":0,"color":0,"dead":false},{"total":11,"tiles":1,"i":1,"color":1,"dead":false}],"turn":20,"attackIndex":0,"generals":[199,-1],"map_diff":[201,1,11,640],"cities_diff":[0],"deserts_diff":[0]},null]
received: 42["game_update",{"scores":[{"total":11,"tiles":1,"i":0,"color":0,"dead":false},{"total":11,"tiles":1,"i":1,"color":1,"dead":false}],"turn":21,"attackIndex":0,"generals":[199,-1],"map_diff":[842],"cities_diff":[0],"deserts_diff":[0]},null]
received: 42["game_update",{"scores":[{"total":12,"tiles":1,"i":0,"color":0,"dead":false},{"total":12,"tiles":1,"i":1,"color":1,"dead":false}],"turn":22,"attackIndex":0,"generals":[199,-1],"map_diff":[201,1,12,640],"cities_diff":[0],"deserts_diff":[0]},null]
received: 42["game_update",{"scores":[{"total":12,"tiles":1,"i":0,"color":0,"dead":false},{"total":12,"tiles":1,"i":1,"color":1,"dead":false}],"turn":23,"attackIndex":0,"generals":[199,-1],"map_diff":[842],"cities_diff":[0],"deserts_diff":[0]},null]
received: 42["game_update",{"scores":[{"total":13,"tiles":1,"i":0,"color":0,"dead":false},{"total":13,"tiles":1,"i":1,"color":1,"dead":false}],"turn":24,"attackIndex":0,"generals":[199,-1],"map_diff":[201,1,13,640],"cities_diff":[0],"deserts_diff":[0]},null]
received: 42["game_update",{"scores":[{"total":13,"tiles":2,"i":0,"color":0,"dead":false},{"total":13,"tiles":1,"i":1,"color":1,"dead":false}],"turn":25,"attackIndex":27,"generals":[199,-1],"map_diff":[181,1,12,19,1,1,378,2,-1,-2,19,1,0,240],"cities_diff":[0],"deserts_diff":[0]},null]
received: 42["game_update",{"scores":[{"total":14,"tiles":3,"i":0,"color":0,"dead":false},{"total":14,"tiles":1,"i":1,"color":1,"dead":false}],"turn":26,"attackIndex":28,"generals":[199,-1],"map_diff":[180,2,11,1,19,1,2,377,1,-1,19,2,-2,0,18,1,-1,222],"cities_diff":[0],"deserts_diff":[0]},null]
received: 42["game_update",{"scores":[{"total":14,"tiles":4,"i":0,"color":0,"dead":false},{"total":14,"tiles":1,"i":1,"color":1,"dead":false}],"turn":27,"attackIndex":29,"generals":[199,-1],"map_diff":[160,1,10,19,1,1,378,3,-1,-1,-2,18,1,0,261],"cities_diff":[0],"deserts_diff":[0]},null]
received: 42["game_update",{"scores":[{"total":15,"tiles":5,"i":0,"color":0,"dead":false},{"total":15,"tiles":1,"i":1,"color":1,"dead":false}],"turn":28,"attackIndex":30,"generals":[199,-1],"map_diff":[119,1,47,20,1,9,19,1,1,40,1,3,337,3,-1,-1,-1,18,1,0,281],"cities_diff":[0,1,117],"deserts_diff":[0]},null]
received: 42["game_update",{"scores":[{"total":15,"tiles":6,"i":0,"color":0,"dead":false},{"total":15,"tiles":1,"i":1,"color":1,"dead":false}],"turn":29,"attackIndex":31,"generals":[199,-1],"map_diff":[120,1,8,19,1,1,378,3,-1,-1,-2,18,1,0,301],"cities_diff":[1],"deserts_diff":[0]},null]
received: 42["game_update",{"scores":[{"total":16,"tiles":7,"i":0,"color":0,"dead":false},{"total":16,"tiles":1,"i":1,"color":1,"dead":false}],"turn":30,"attackIndex":32,"generals":[199,-1],"map_diff":[100,1,7,19,1,1,80,1,4,297,3,-1,-1,-2,18,1,0,321],"cities_diff":[1],"deserts_diff":[0]},null]
received: 42["game_update",{"scores":[{"total":16,"tiles":8,"i":0,"color":0,"dead":false},{"total":16,"tiles":1,"i":1,"color":1,"dead":false}],"turn":31,"attackIndex":33,"generals":[199,-1],"map_diff":[80,1,6,19,1,1,378,3,-1,-1,-1,18,1,0,341],"cities_diff":[1],"deserts_diff":[0]},null]
received: 42["game_update",{"scores":[{"total":17,"tiles":9,"i":0,"color":0,"dead":false},{"total":17,"tiles":1,"i":1,"color":1,"dead":false}],"turn":32,"attackIndex":34,"generals":[199,-1],"map_diff":[60,1,5,19,1,1,120,1,5,257,3,-1,-1,-1,18,1,0,361],"cities_diff":[1],"deserts_diff":[0]},null]
received: 42["game_update",{"scores":[{"total":17,"tiles":10,"i":0,"color":0,"dead":false},{"total":17,"tiles":1,"i":1,"color":1,"dead":false}],"turn":33,"attackIndex":35,"generals":[199,-1],"map_diff":[40,1,4,19,1,1,378,3,-1,-2,-1,18,1,0,381],"cities_diff":[1],"deserts_diff":[0]},null]
received: 42["game_update",{"scores":[{"total":18,"tiles":11,"i":0,"color":0,"dead":false},{"total":18,"tiles":1,"i":1,"color":1,"dead":false}],"turn":34,"attackIndex":36,"generals":[199,-1],"map_diff":[39,2,3,1,160,1,6,236,1,-1,19,2,-1,0,18,1,-2,363],"cities_diff":[1],"deserts_diff":[0]},null]
received: 42["game_update",{"scores":[{"total":18,"tiles":12,"i":0,"color":0,"dead":false},{"total":18,"tiles":1,"i":1,"color":1,"dead":false}],"turn":35,"attackIndex":37,"generals":[199,-1],"map_diff":[19,1,2,19,1,1,399,1,0,402],"cities_diff":[1],"deserts_diff":[0]},null]
received: 42["game_update",{"scores":[{"total":19,"tiles":13,"i":0,"color":0,"dead":false},{"total":19,"tiles":1,"i":1,"color":1,"dead":false}],"turn":36,"attackIndex":38,"generals":[199,-1],"map_diff":[18,2,1,1,181,1,7,235,2,-1,0,18,1,-1,384],"cities_diff":[1],"deserts_diff":[0]},null]
received: 42["game_update",{"scores":[{"total":19,"tiles":13,"i":0,"color":0,"dead":false},{"total":19,"tiles":1,"i":1,"color":1,"dead":false}],"turn":37,"attackIndex":39,"generals":[199,-1],"map_diff":[181,1,7,19,1,1,640],"cities_diff":[1],"deserts_diff":[0]},null]
received: 42["game_update",{"scores":[{"total":20,"tiles":13,"i":0,"color":0,"dead":false},{"total":20,"tiles":1,"i":1,"color":1,"dead":false}],"turn":38,"attackIndex":40,"generals":[199,-1],"map_diff":[180,2,7,1,19,1,2,640],"cities_diff":[1],"deserts_diff":[0]},null]
received: 42["game_update",{"scores":[{"total":20,"tiles":13,"i":0,"color":0,"dead":false},{"total":20,"tiles":1,"i":1,"color":1,"dead":false}],"turn":39,"attackIndex":41,"generals":[199,-1],"map_diff":[160,1,7,19,1,1,661],"cities_diff":[1],"deserts_diff":[0]},null]
received: 42["game_update",{"scores":[{"total":21,"tiles":13,"i":0,"color":0,"dead":false},{"total":21,"tiles":1,"i":1,"color":1,"dead":false}],"turn":40,"attackIndex":42,"generals":[199,-1],"map_diff":[140,1,7,19,1,1,40,1,3,640],"cities_diff":[1],"deserts_diff":[0]},null]
received: 42["game_update",{"scores":[{"total":21,"tiles":14,"i":0,"color":0,"dead":false},{"total":21,"tiles":1,"i":1,"color":1,"dead":false}],"turn":41,"attackIndex":43,"generals":[199,-1],"map_diff":[139,2,6,1,397,1,-1,19,2,-2,0,18,1,-1,263],"cities_diff":[1],"deserts_diff":[0]},null]
received: 42["game_update",{"scores":[{"total":22,"tiles":15,"i":0,"color":0,"dead":false},{"total":22,"tiles":1,"i":1,"color":1,"dead":false}],"turn":42,"attackIndex":44,"generals":[199,-1],"map_diff":[139,1,1,19,1,5,41,1,4,377,1,0,18,1,-1,243],"cities_diff":[1],"deserts_diff":[0]},null]
received: 42["game_update",{"scores":[{"total":22,"tiles":16,"i":0,"color":0,"dead":false},{"total":22,"tiles":1,"i":1,"color":1,"dead":false}],"turn":43,"attackIndex":45,"generals":[199,-1],"map_diff":[158,2,4,1,397,1,-1,19,2,-1,0,18,1,-1,244],"cities_diff":[1],"deserts_diff":[0]},null]
received: 42["game_update",{"scores":[{"total":23,"tiles":17,"i":0,"color":0,"dead":false},{"total":23,"tiles":1,"i":1,"color":1,"dead":false}],"turn":44,"attackIndex":46,"generals":[199,-1],"map_diff":[157,2,3,1,42,1,5,354,1,-1,19,2,-1,0,18,1,-1,245],"cities_diff":[1],"deserts_diff":[0]},null]
received: 42["game_update",{"scores":[{"total":23,"tiles":18,"i":0,"color":0,"dead":false},{"total":23,"tiles":1,"i":1,"color":1,"dead":false}],"turn":45,"attackIndex":47,"generals":[199,-1],"map_diff":[156,2,2,1,397,1,-1,19,2,-1,0,18,1,-1,246],"cities_diff":[1],"deserts_diff":[0]},null]
received: 42["game_update",{"scores":[{"total":24,"tiles":19,"i":0,"color":0,"dead":false},{"total":24,"tiles":1,"i":1,"color":1,"dead":false}],"turn":46,"attackIndex":48,"generals":[199,-1],"map_diff":[154,3,41,1,1,44,1,6,352,1,-1,19,2,-1,0,18,1,-1,247],"cities_diff":[0,2,117,152],"deserts_diff":[0]},null]
received: 42["game_update",{"scores":[{"total":24,"tiles":20,"i":0,"color":0,"dead":false},{"total":24,"tiles":1,"i":1,"color":1,"dead":false}],"turn":47,"attackIndex":49,"generals":[199,-1],"map_diff":[201,1,1,19,1,5,419,1,0,18,2,-1,-1,180],"cities_diff":[2],"deserts_diff":[0]},null]
received: 42["game_update",{"scores":[{"total":25,"tiles":21,"i":0,"color":0,"dead":false},{"total":25,"tiles":1,"i":1,"color":1,"dead":false}],"turn":48,"attackIndex":50,"generals":[199,-1],"map_diff":[201,1,2,19,1,1,19,1,4,18,1,50,400,1,0,18,2,-1,-1,160],"cities_diff":[0,3,258,117,152],"deserts_diff":[0]},null]
received: 42["game_update",{"scores":[{"total":25,"tiles":22,"i":0,"color":0,"dead":false},{"total":25,"tiles":1,"i":1,"color":1,"dead":false}],"turn":49,"attackIndex":51,"generals":[199,-1],"map_diff":[241,1,1,19,1,3,419,1,0,18,2,-1,-1,140],"cities_diff":[3],"deserts_diff":[0]},null]
received: 42["game_update",{"scores":[{"total":49,"tiles":23,"i":0,"color":0,"dead":false},{"total":27,"tiles":1,"i":1,"color":1,"dead":false}],"turn":50,"attackIndex":52,"generals":[199,-1],"map_diff":[18,2,2,2,19,2,2,2,19,1,2,19,1,2,19,1,2,19,1,2,18,2,2,2,14,6,2,2,2,2,2,2,19,2,2,2,19,1,4,19,1,2,19,1,2,19,1,2,19,1,3,419,1,0,18,2,-2,-2,120],"cities_diff":[3],"deserts_diff":[0]},null]
received: 42["game_update",{"scores":[{"total":49,"tiles":23,"i":0,"color":0,"dead":false},{"total":27,"tiles":1,"i":1,"color":1,"dead":false}],"turn":51,"attackIndex":52,"generals":[199,-1],"map_diff":[842],"cities_diff":[3],"deserts_diff":[0]},null]
received: 42["game_update",{"scores":[{"total":50,"tiles":23,"i":0,"color":0,"dead":false},{"total":28,"tiles":1,"i":1,"color":1,"dead":false}],"turn":52,"attackIndex":52,"generals":[199,-1],"map_diff":[201,1,5,640],"cities_diff":[3],"deserts_diff":[0]},null]
received: 42["game_update",{"scores":[{"total":50,"tiles":23,"i":0,"color":0,"dead":false},{"total":28,"tiles":1,"i":1,"color":1,"dead":false}],"turn":53,"attackIndex":52,"generals":[199,-1],"map_diff":[842],"cities_diff":[3],"deserts_diff":[0]},null]
received: 42["game_update",{"scores":[{"total":51,"tiles":23,"i":0,"color":0,"dead":false},{"total":29,"tiles":1,"i":1,"color":1,"dead":false}],"turn":54,"attackIndex":52,"generals":[199,-1],"map_diff":[201,1,6,640],"cities_diff":[3],"deserts_diff":[0]},null]
received: 42["game_update",{"scores":[{"total":51,"tiles":23,"i":0,"color":0,"dead":false},{"total":29,"tiles":1,"i":1,"color":1,"dead":false}],"turn":55,"attackIndex":52,"generals":[199,-1],"map_diff":[842],"cities_diff":[3],"deserts_diff":[0]},null]
received: 42["game_update",{"scores":[{"total":52,"tiles":23,"i":0,"color":0,"dead":false},{"total":30,"tiles":1,"i":1,"color":1,"dead":false}],"turn":56,"attackIndex":52,"generals":[199,-1],"map_diff":[201,1,7,640],"cities_diff":[3],"deserts_diff":[0]},null]
received: 42["game_update",{"scores":[{"total":52,"tiles":23,"i":0,"color":0,"dead":false},{"total":30,"tiles":1,"i":1,"color":1,"dead":false}],"turn":57,"attackIndex":52,"generals":[199,-1],"map_diff":[842],"cities_diff":[3],"deserts_diff":[0]},null]
received: 42["chat_message","game_17272966162141XYYnF9wJBYJCHL6DpYT",{"text":"qwdejwiferog surrendered.","playerColor":1,"turn":57}]
received: 42["game_update",{"scores":[{"total":53,"tiles":23,"i":0,"color":0,"dead":false},{"total":31,"tiles":1,"i":1,"color":1,"dead":true}],"turn":58,"attackIndex":52,"generals":[199,80],"map_diff":[82,1,31,22,1,41,17,1,50,20,1,45,51,1,43,4,1,8,25,1,44,91,1,46,75,1,44,20,1,44,5,15,-1,-1,-1,-1,-1,-1,-1,-1,-1,-2,-1,-2,-1,-2,-1,5,15,-1,-1,-1,-1,-2,-2,-1,-2,-1,-1,-1,-1,-1,-1,-1,5,16,-1,-1,-1,-1,-1,-1,-2,-1,-2,-1,-2,-1,-2,-1,-1,-1,4,17,-1,-1,-1,-1,-1,-2,-1,-1,-1,-1,-1,-2,-1,-1,-1,-1,-1,3,17,1,-1,-2,-2,-1,-2,-1,-2,-2,-1,-1,-1,-1,-1,-2,-2,-1,3,16,-1,-1,-1,-1,-2,-1,-1,-2,-1,-1,-2,-1,-2,-1,-2,-2,4,12,-1,-1,-1,-1,-2,-1,-2,-2,-1,-1,-2,-1,8,12,-1,-2,-1,-2,-1,-1,-1,-1,-1,-2,-1,-1,8,12,-1,-1,-1,-1,-1,-2,-2,-1,-1,-1,-1,-1,8,17,-2,-1,-1,-1,-2,-1,-1,-1,-1,-1,-1,-1,-1,-1,-1,-2,-2,3,18,-2,-1,-1,-2,-2,-1,-1,-1,-1,-2,-1,-1,-1,-1,-2,-1,-1,-1,2,18,-1,-2,-1,-1,-1,-1,-1,-1,-2,-1,-1,-1,-2,-1,-1,-1,-2,-1,2,18,-1,-1,-1,-1,-1,-1,-1,-1,-2,-1,-1,-1,-1,-1,-2,-1,-1,-2,2,18,-2,-2,-1,-2,-1,-1,-1,-1,-1,-2,-1,-1,-1,-1,-1,-1,-2,-2,2,18,-2,-2,-2,-2,-1,-1,-2,-1,-1,-1,-1,-2,-1,-1,-2,-1,-1,-1,2,120,-1,-1,-1,-1,-2,-1,-1,-1,-2,-1,-1,-1,-2,-1,-1,-1,-2,-1,-1,-2,-1,-2,-1,-1,-1,-1,-1,-1,-1,-2,-2,-1,-2,-2,-1,-1,-1,-1,-1,-1,-1,-1,-2,-1,-2,-1,-1,-1,-1,-2,-1,-1,-1,-1,-2,-1,-2,-2,-1,-1,-2,-1,-1,-2,-2,-2,-2,-1,-1,-2,-1,-1,-1,-2,-1,-1,-1,-1,-1,-1,-1,-1,-1,-1,-1,-1,-2,-2,-1,-1,-1,-1,-1,-1,-1,-1,-1,-1,-1,-1,-1,-1,-1,-2,-2,-1,-1,-1,-1,-1,-2,-1,-1,-1,-1,-1,-1,-1,-2,-1],"cities_diff":[0,11,121,258,103,142,117,194,225,393,152,317,414],"deserts_diff":[0]},null]
received: 42["game_won",null,null]
received: 42["chat_message","game_17272966162141XYYnF9wJBYJCHL6DpYT",{"text":"Gapped wins!","playerColor":0,"multiText":null,"multiColors":null,"turn":58}]
received: 42["game_over",null,null]
received: 42["chat_message","chat_custom_queue_bottest",{"text":"Gapped joined the custom lobby.","playerColor":0}]
received: 42["queue_update",{"playerIndices":[0],"playerColors":[0],"lobbyIndex":0,"isForcing":false,"numPlayers":1,"numForce":[],"teams":[1],"usernames":["Gapped"],"options":{"map":null,"modifiers":[]}}]
received: 42["queue_update",{"playerIndices":[0],"playerColors":[0],"lobbyIndex":0,"isForcing":false,"numPlayers":1,"numForce":[],"teams":[1],"usernames":["Gapped"],"options":{"map":null,"game_speed":2,"modifiers":[]}}]
received: 42["chat_message","chat_custom_queue_bottest",{"text":"Gapped changed the Game Speed option to 2.","playerColor":0}]
received: 435[]
