3
28 13 41 7 48 3
3
27 13 41 7 48 3
3
27 13 40 6 47 4
4
27 13 40 6 46 3 50 1
3
26 12 40 7 47 4
3
26 12 39 7 47 4
4
26 12 39 7 46 3 50 1
4
26 12 38 6 46 4 50 1
4
26 12 38 6 45 4 50 1
4
26 12 38 6 44 3 49 2
4
26 12 38 6 44 3 48 2
4
26 12 38 6 44 3 47 2
3
25 12 40 7 47 4
3
25 12 39 7 47 4
4
25 12 39 7 46 3 50 1
4
25 12 38 6 46 4 50 1
4
25 12 38 6 45 4 50 1
4
25 12 38 6 44 3 49 2
4
25 12 38 6 44 3 48 2
4
25 12 38 6 44 3 47 2
4
25 12 37 6 46 4 50 1
4
25 12 37 6 45 4 50 1
4
25 12 37 6 44 3 49 2
4
25 12 37 6 44 3 48 2
4
25 12 37 6 44 3 47 2
4
25 12 37 6 43 3 49 2
4
25 12 37 6 43 3 48 2
4
25 12 37 6 43 3 47 2
5
25 12 37 6 43 3 46 1 50 1
5
25 12 37 6 43 3 46 1 48 1
5
25 12 37 6 43 3 46 1 47 1
3
24 11 39 8 47 4
4
24 11 38 7 46 4 50 1
4
24 11 38 7 45 4 50 1
4
24 11 37 7 46 4 50 1
4
24 11 37 7 45 4 50 1
4
24 11 37 7 44 3 49 2
4
24 11 37 7 44 3 48 2
4
24 11 37 7 44 3 47 2
4
24 11 36 6 45 5 50 1
4
24 11 36 6 44 4 49 2
4
24 11 36 6 44 4 48 2
4
24 11 36 6 43 4 49 2
4
24 11 36 6 43 4 48 2
4
24 11 36 6 43 4 47 2
4
24 11 36 6 42 3 48 3
4
24 11 36 6 42 3 47 3
5
24 11 36 6 42 3 46 2 50 1
5
24 11 36 6 42 3 46 2 48 1
5
24 11 36 6 42 3 45 2 50 1
5
24 11 36 6 42 3 45 2 48 1
5
24 11 36 6 42 3 45 2 47 1
4
24 11 35 6 45 5 50 1
4
24 11 35 6 44 4 49 2
4
24 11 35 6 44 4 48 2
4
24 11 35 6 43 4 49 2
4
24 11 35 6 43 4 48 2
4
24 11 35 6 43 4 47 2
4
24 11 35 6 42 3 48 3
4
24 11 35 6 42 3 47 3
5
24 11 35 6 42 3 46 2 50 1
5
24 11 35 6 42 3 46 2 48 1
5
24 11 35 6 42 3 45 2 50 1
5
24 11 35 6 42 3 45 2 48 1
5
24 11 35 6 42 3 45 2 47 1
4
24 11 35 6 41 3 48 3
4
24 11 35 6 41 3 47 3
5
24 11 35 6 41 3 46 2 50 1
5
24 11 35 6 41 3 46 2 48 1
5
24 11 35 6 41 3 45 2 50 1
5
24 11 35 6 41 3 45 2 48 1
5
24 11 35 6 41 3 45 2 47 1
5
24 11 35 6 41 3 44 1 49 2
5
24 11 35 6 41 3 44 1 48 2
5
24 11 35 6 41 3 44 1 47 2
6
24 11 35 6 41 3 44 1 46 1 50 1
6
24 11 35 6 41 3 44 1 46 1 48 1
6
24 11 35 6 41 3 44 1 46 1 47 1
6
24 11 35 6 41 3 44 1 45 1 50 1
6
24 11 35 6 41 3 44 1 45 1 48 1
6
24 11 35 6 41 3 44 1 45 1 47 1
3
23 11 39 8 47 4
4
23 11 38 7 46 4 50 1
4
23 11 38 7 45 4 50 1
4
23 11 37 7 46 4 50 1
4
23 11 37 7 45 4 50 1
4
23 11 37 7 44 3 49 2
4
23 11 37 7 44 3 48 2
4
23 11 37 7 44 3 47 2
4
23 11 36 6 45 5 50 1
4
23 11 36 6 44 4 49 2
4
23 11 36 6 44 4 48 2
4
23 11 36 6 43 4 49 2
4
23 11 36 6 43 4 48 2
4
23 11 36 6 43 4 47 2
4
23 11 36 6 42 3 48 3
4
23 11 36 6 42 3 47 3
5
23 11 36 6 42 3 46 2 50 1
5
23 11 36 6 42 3 46 2 48 1
5
23 11 36 6 42 3 45 2 50 1
5
23 11 36 6 42 3 45 2 48 1
5
23 11 36 6 42 3 45 2 47 1
4
23 11 35 6 45 5 50 1
4
23 11 35 6 44 4 49 2
4
23 11 35 6 44 4 48 2
4
23 11 35 6 43 4 49 2
4
23 11 35 6 43 4 48 2
4
23 11 35 6 43 4 47 2
4
23 11 35 6 42 3 48 3
4
23 11 35 6 42 3 47 3
5
23 11 35 6 42 3 46 2 50 1
5
23 11 35 6 42 3 46 2 48 1
5
23 11 35 6 42 3 45 2 50 1
5
23 11 35 6 42 3 45 2 48 1
5
23 11 35 6 42 3 45 2 47 1
4
23 11 35 6 41 3 48 3
4
23 11 35 6 41 3 47 3
5
23 11 35 6 41 3 46 2 50 1
5
23 11 35 6 41 3 46 2 48 1
5
23 11 35 6 41 3 45 2 50 1
5
23 11 35 6 41 3 45 2 48 1
5
23 11 35 6 41 3 45 2 47 1
5
23 11 35 6 41 3 44 1 49 2
5
23 11 35 6 41 3 44 1 48 2
5
23 11 35 6 41 3 44 1 47 2
6
23 11 35 6 41 3 44 1 46 1 50 1
6
23 11 35 6 41 3 44 1 46 1 48 1
6
23 11 35 6 41 3 44 1 46 1 47 1
6
23 11 35 6 41 3 44 1 45 1 50 1
6
23 11 35 6 41 3 44 1 45 1 48 1
6
23 11 35 6 41 3 44 1 45 1 47 1
4
23 11 34 5 44 5 49 2
4
23 11 34 5 43 5 49 2
4
23 11 34 5 43 5 48 2
4
23 11 34 5 42 4 48 3
4
23 11 34 5 42 4 47 3
5
23 11 34 5 42 4 46 2 50 1
5
23 11 34 5 42 4 46 2 48 1
4
23 11 34 5 41 4 48 3
4
23 11 34 5 41 4 47 3
5
23 11 34 5 41 4 46 2 50 1
5
23 11 34 5 41 4 46 2 48 1
5
23 11 34 5 41 4 45 2 50 1
5
23 11 34 5 41 4 45 2 48 1
5
23 11 34 5 41 4 45 2 47 1
4
23 11 34 5 40 3 47 4
5
23 11 34 5 40 3 46 3 50 1
5
23 11 34 5 40 3 45 3 50 1
5
23 11 34 5 40 3 45 3 48 1
5
23 11 34 5 40 3 44 2 49 2
5
23 11 34 5 40 3 44 2 48 2
5
23 11 34 5 40 3 44 2 47 2
6
23 11 34 5 40 3 44 2 46 1 50 1
6
23 11 34 5 40 3 44 2 46 1 48 1
6
23 11 34 5 40 3 44 2 46 1 47 1
5
23 11 34 5 40 3 43 2 49 2
5
23 11 34 5 40 3 43 2 48 2
5
23 11 34 5 40 3 43 2 47 2
6
23 11 34 5 40 3 43 2 46 1 50 1
6
23 11 34 5 40 3 43 2 46 1 48 1
6
23 11 34 5 40 3 43 2 46 1 47 1
6
23 11 34 5 40 3 43 2 45 1 50 1
6
23 11 34 5 40 3 43 2 45 1 48 1
6
23 11 34 5 40 3 43 2 45 1 47 1
4
23 11 34 5 39 3 47 4
5
23 11 34 5 39 3 46 3 50 1
5
23 11 34 5 39 3 45 3 50 1
5
23 11 34 5 39 3 45 3 48 1
5
23 11 34 5 39 3 44 2 49 2
5
23 11 34 5 39 3 44 2 48 2
5
23 11 34 5 39 3 44 2 47 2
6
23 11 34 5 39 3 44 2 46 1 50 1
6
23 11 34 5 39 3 44 2 46 1 48 1
6
23 11 34 5 39 3 44 2 46 1 47 1
5
23 11 34 5 39 3 43 2 49 2
5
23 11 34 5 39 3 43 2 48 2
5
23 11 34 5 39 3 43 2 47 2
6
23 11 34 5 39 3 43 2 46 1 50 1
6
23 11 34 5 39 3 43 2 46 1 48 1
6
23 11 34 5 39 3 43 2 46 1 47 1
6
23 11 34 5 39 3 43 2 45 1 50 1
6
23 11 34 5 39 3 43 2 45 1 48 1
6
23 11 34 5 39 3 43 2 45 1 47 1
5
23 11 34 5 39 3 42 1 48 3
5
23 11 34 5 39 3 42 1 47 3
6
23 11 34 5 39 3 42 1 46 2 50 1
6
23 11 34 5 39 3 42 1 46 2 48 1
6
23 11 34 5 39 3 42 1 45 2 50 1
6
23 11 34 5 39 3 42 1 45 2 48 1
6
23 11 34 5 39 3 42 1 45 2 47 1
6
23 11 34 5 39 3 42 1 44 1 49 2
6
23 11 34 5 39 3 42 1 44 1 48 2
6
23 11 34 5 39 3 42 1 44 1 47 2
7
23 11 34 5 39 3 42 1 44 1 46 1 50 1
7
23 11 34 5 39 3 42 1 44 1 46 1 48 1
7
23 11 34 5 39 3 42 1 44 1 46 1 47 1
7
23 11 34 5 39 3 42 1 44 1 45 1 50 1
7
23 11 34 5 39 3 42 1 44 1 45 1 48 1
7
23 11 34 5 39 3 42 1 44 1 45 1 47 1
6
23 11 34 5 39 3 42 1 43 1 49 2
6
23 11 34 5 39 3 42 1 43 1 48 2
6
23 11 34 5 39 3 42 1 43 1 47 2
7
23 11 34 5 39 3 42 1 43 1 46 1 50 1
7
23 11 34 5 39 3 42 1 43 1 46 1 48 1
7
23 11 34 5 39 3 42 1 43 1 46 1 47 1
7
23 11 34 5 39 3 42 1 43 1 45 1 50 1
7
23 11 34 5 39 3 42 1 43 1 45 1 48 1
7
23 11 34 5 39 3 42 1 43 1 45 1 47 1
4
22 10 38 8 46 4 50 1
4
22 10 37 8 46 4 50 1
4
22 10 37 8 45 4 50 1
4
22 10 36 7 45 5 50 1
4
22 10 36 7 44 4 49 2
4
22 10 36 7 44 4 48 2
4
22 10 36 7 43 4 49 2
4
22 10 36 7 43 4 48 2
4
22 10 36 7 43 4 47 2
4
22 10 35 7 45 5 50 1
4
22 10 35 7 44 4 49 2
4
22 10 35 7 44 4 48 2
4
22 10 35 7 43 4 49 2
4
22 10 35 7 43 4 48 2
4
22 10 35 7 43 4 47 2
4
22 10 35 7 42 3 48 3
4
22 10 35 7 42 3 47 3
5
22 10 35 7 42 3 46 2 50 1
5
22 10 35 7 42 3 46 2 48 1
5
22 10 35 7 42 3 45 2 50 1
5
22 10 35 7 42 3 45 2 48 1
5
22 10 35 7 42 3 45 2 47 1
4
22 10 34 6 44 5 49 2
4
22 10 34 6 43 5 49 2
4
22 10 34 6 43 5 48 2
4
22 10 34 6 42 4 48 3
4
22 10 34 6 42 4 47 3
5
22 10 34 6 42 4 46 2 50 1
5
22 10 34 6 42 4 46 2 48 1
4
22 10 34 6 41 4 48 3
4
22 10 34 6 41 4 47 3
5
22 10 34 6 41 4 46 2 50 1
5
22 10 34 6 41 4 46 2 48 1
5
22 10 34 6 41 4 45 2 50 1
5
22 10 34 6 41 4 45 2 48 1
5
22 10 34 6 41 4 45 2 47 1
4
22 10 34 6 40 3 47 4
5
22 10 34 6 40 3 46 3 50 1
5
22 10 34 6 40 3 45 3 50 1
5
22 10 34 6 40 3 45 3 48 1
5
22 10 34 6 40 3 44 2 49 2
5
22 10 34 6 40 3 44 2 48 2
5
22 10 34 6 40 3 44 2 47 2
6
22 10 34 6 40 3 44 2 46 1 50 1
6
22 10 34 6 40 3 44 2 46 1 48 1
6
22 10 34 6 40 3 44 2 46 1 47 1
5
22 10 34 6 40 3 43 2 49 2
5
22 10 34 6 40 3 43 2 48 2
5
22 10 34 6 40 3 43 2 47 2
6
22 10 34 6 40 3 43 2 46 1 50 1
6
22 10 34 6 40 3 43 2 46 1 48 1
6
22 10 34 6 40 3 43 2 46 1 47 1
6
22 10 34 6 40 3 43 2 45 1 50 1
6
22 10 34 6 40 3 43 2 45 1 48 1
6
22 10 34 6 40 3 43 2 45 1 47 1
4
22 10 33 6 44 5 49 2
4
22 10 33 6 43 5 49 2
4
22 10 33 6 43 5 48 2
4
22 10 33 6 42 4 48 3
4
22 10 33 6 42 4 47 3
5
22 10 33 6 42 4 46 2 50 1
5
22 10 33 6 42 4 46 2 48 1
4
22 10 33 6 41 4 48 3
4
22 10 33 6 41 4 47 3
5
22 10 33 6 41 4 46 2 50 1
5
22 10 33 6 41 4 46 2 48 1
5
22 10 33 6 41 4 45 2 50 1
5
22 10 33 6 41 4 45 2 48 1
5
22 10 33 6 41 4 45 2 47 1
4
22 10 33 6 40 3 47 4
5
22 10 33 6 40 3 46 3 50 1
5
22 10 33 6 40 3 45 3 50 1
5
22 10 33 6 40 3 45 3 48 1
5
22 10 33 6 40 3 44 2 49 2
5
22 10 33 6 40 3 44 2 48 2
5
22 10 33 6 40 3 44 2 47 2
6
22 10 33 6 40 3 44 2 46 1 50 1
6
22 10 33 6 40 3 44 2 46 1 48 1
6
22 10 33 6 40 3 44 2 46 1 47 1
5
22 10 33 6 40 3 43 2 49 2
5
22 10 33 6 40 3 43 2 48 2
5
22 10 33 6 40 3 43 2 47 2
6
22 10 33 6 40 3 43 2 46 1 50 1
6
22 10 33 6 40 3 43 2 46 1 48 1
6
22 10 33 6 40 3 43 2 46 1 47 1
6
22 10 33 6 40 3 43 2 45 1 50 1
6
22 10 33 6 40 3 43 2 45 1 48 1
6
22 10 33 6 40 3 43 2 45 1 47 1
4
22 10 33 6 39 3 47 4
5
22 10 33 6 39 3 46 3 50 1
5
22 10 33 6 39 3 45 3 50 1
5
22 10 33 6 39 3 45 3 48 1
5
22 10 33 6 39 3 44 2 49 2
5
22 10 33 6 39 3 44 2 48 2
5
22 10 33 6 39 3 44 2 47 2
6
22 10 33 6 39 3 44 2 46 1 50 1
6
22 10 33 6 39 3 44 2 46 1 48 1
6
22 10 33 6 39 3 44 2 46 1 47 1
5
22 10 33 6 39 3 43 2 49 2
5
22 10 33 6 39 3 43 2 48 2
5
22 10 33 6 39 3 43 2 47 2
6
22 10 33 6 39 3 43 2 46 1 50 1
6
22 10 33 6 39 3 43 2 46 1 48 1
6
22 10 33 6 39 3 43 2 46 1 47 1
6
22 10 33 6 39 3 43 2 45 1 50 1
6
22 10 33 6 39 3 43 2 45 1 48 1
6
22 10 33 6 39 3 43 2 45 1 47 1
5
22 10 33 6 39 3 42 1 48 3
5
22 10 33 6 39 3 42 1 47 3
6
22 10 33 6 39 3 42 1 46 2 50 1
6
22 10 33 6 39 3 42 1 46 2 48 1
6
22 10 33 6 39 3 42 1 45 2 50 1
6
22 10 33 6 39 3 42 1 45 2 48 1
6
22 10 33 6 39 3 42 1 45 2 47 1
6
22 10 33 6 39 3 42 1 44 1 49 2
6
22 10 33 6 39 3 42 1 44 1 48 2
6
22 10 33 6 39 3 42 1 44 1 47 2
7
22 10 33 6 39 3 42 1 44 1 46 1 50 1
7
22 10 33 6 39 3 42 1 44 1 46 1 48 1
7
22 10 33 6 39 3 42 1 44 1 46 1 47 1
7
22 10 33 6 39 3 42 1 44 1 45 1 50 1
7
22 10 33 6 39 3 42 1 44 1 45 1 48 1
7
22 10 33 6 39 3 42 1 44 1 45 1 47 1
6
22 10 33 6 39 3 42 1 43 1 49 2
6
22 10 33 6 39 3 42 1 43 1 48 2
6
22 10 33 6 39 3 42 1 43 1 47 2
7
22 10 33 6 39 3 42 1 43 1 46 1 50 1
7
22 10 33 6 39 3 42 1 43 1 46 1 48 1
7
22 10 33 6 39 3 42 1 43 1 46 1 47 1
7
22 10 33 6 39 3 42 1 43 1 45 1 50 1
7
22 10 33 6 39 3 42 1 43 1 45 1 48 1
7
22 10 33 6 39 3 42 1 43 1 45 1 47 1
4
22 10 32 5 43 6 49 2
4
22 10 32 5 42 5 48 3
4
22 10 32 5 42 5 47 3
4
22 10 32 5 41 5 48 3
4
22 10 32 5 41 5 47 3
5
22 10 32 5 41 5 46 2 50 1
5
22 10 32 5 41 5 46 2 48 1
4
22 10 32 5 40 4 47 4
5
22 10 32 5 40 4 46 3 50 1
5
22 10 32 5 40 4 45 3 50 1
5
22 10 32 5 40 4 45 3 48 1
5
22 10 32 5 40 4 44 2 49 2
5
22 10 32 5 40 4 44 2 48 2
5
22 10 32 5 40 4 44 2 47 2
6
22 10 32 5 40 4 44 2 46 1 50 1
6
22 10 32 5 40 4 44 2 46 1 48 1
6
22 10 32 5 40 4 44 2 46 1 47 1
4
22 10 32 5 39 4 47 4
5
22 10 32 5 39 4 46 3 50 1
5
22 10 32 5 39 4 45 3 50 1
5
22 10 32 5 39 4 45 3 48 1
5
22 10 32 5 39 4 44 2 49 2
5
22 10 32 5 39 4 44 2 48 2
5
22 10 32 5 39 4 44 2 47 2
6
22 10 32 5 39 4 44 2 46 1 50 1
6
22 10 32 5 39 4 44 2 46 1 48 1
6
22 10 32 5 39 4 44 2 46 1 47 1
5
22 10 32 5 39 4 43 2 49 2
5
22 10 32 5 39 4 43 2 48 2
5
22 10 32 5 39 4 43 2 47 2
6
22 10 32 5 39 4 43 2 46 1 50 1
6
22 10 32 5 39 4 43 2 46 1 48 1
6
22 10 32 5 39 4 43 2 46 1 47 1
6
22 10 32 5 39 4 43 2 45 1 50 1
6
22 10 32 5 39 4 43 2 45 1 48 1
6
22 10 32 5 39 4 43 2 45 1 47 1
5
22 10 32 5 38 3 46 4 50 1
5
22 10 32 5 38 3 45 4 50 1
5
22 10 32 5 38 3 44 3 49 2
5
22 10 32 5 38 3 44 3 48 2
5
22 10 32 5 38 3 44 3 47 2
5
22 10 32 5 38 3 43 3 49 2
5
22 10 32 5 38 3 43 3 48 2
5
22 10 32 5 38 3 43 3 47 2
6
22 10 32 5 38 3 43 3 46 1 50 1
6
22 10 32 5 38 3 43 3 46 1 48 1
6
22 10 32 5 38 3 43 3 46 1 47 1
5
22 10 32 5 38 3 42 2 48 3
5
22 10 32 5 38 3 42 2 47 3
6
22 10 32 5 38 3 42 2 46 2 50 1
6
22 10 32 5 38 3 42 2 46 2 48 1
6
22 10 32 5 38 3 42 2 45 2 50 1
6
22 10 32 5 38 3 42 2 45 2 48 1
6
22 10 32 5 38 3 42 2 45 2 47 1
6
22 10 32 5 38 3 42 2 44 1 49 2
6
22 10 32 5 38 3 42 2 44 1 48 2
6
22 10 32 5 38 3 42 2 44 1 47 2
7
22 10 32 5 38 3 42 2 44 1 46 1 50 1
7
22 10 32 5 38 3 42 2 44 1 46 1 48 1
7
22 10 32 5 38 3 42 2 44 1 46 1 47 1
7
22 10 32 5 38 3 42 2 44 1 45 1 50 1
7
22 10 32 5 38 3 42 2 44 1 45 1 48 1
7
22 10 32 5 38 3 42 2 44 1 45 1 47 1
5
22 10 32 5 38 3 41 2 48 3
5
22 10 32 5 38 3 41 2 47 3
6
22 10 32 5 38 3 41 2 46 2 50 1
6
22 10 32 5 38 3 41 2 46 2 48 1
6
22 10 32 5 38 3 41 2 45 2 50 1
6
22 10 32 5 38 3 41 2 45 2 48 1
6
22 10 32 5 38 3 41 2 45 2 47 1
6
22 10 32 5 38 3 41 2 44 1 49 2
6
22 10 32 5 38 3 41 2 44 1 48 2
6
22 10 32 5 38 3 41 2 44 1 47 2
7
22 10 32 5 38 3 41 2 44 1 46 1 50 1
7
22 10 32 5 38 3 41 2 44 1 46 1 48 1
7
22 10 32 5 38 3 41 2 44 1 46 1 47 1
7
22 10 32 5 38 3 41 2 44 1 45 1 50 1
7
22 10 32 5 38 3 41 2 44 1 45 1 48 1
7
22 10 32 5 38 3 41 2 44 1 45 1 47 1
6
22 10 32 5 38 3 41 2 43 1 49 2
6
22 10 32 5 38 3 41 2 43 1 48 2
6
22 10 32 5 38 3 41 2 43 1 47 2
7
22 10 32 5 38 3 41 2 43 1 46 1 50 1
7
22 10 32 5 38 3 41 2 43 1 46 1 48 1
7
22 10 32 5 38 3 41 2 43 1 46 1 47 1
7
22 10 32 5 38 3 41 2 43 1 45 1 50 1
7
22 10 32 5 38 3 41 2 43 1 45 1 48 1
7
22 10 32 5 38 3 41 2 43 1 45 1 47 1
5
22 10 32 5 37 3 46 4 50 1
5
22 10 32 5 37 3 45 4 50 1
5
22 10 32 5 37 3 44 3 49 2
5
22 10 32 5 37 3 44 3 48 2
5
22 10 32 5 37 3 44 3 47 2
5
22 10 32 5 37 3 43 3 49 2
5
22 10 32 5 37 3 43 3 48 2
5
22 10 32 5 37 3 43 3 47 2
6
22 10 32 5 37 3 43 3 46 1 50 1
6
22 10 32 5 37 3 43 3 46 1 48 1
6
22 10 32 5 37 3 43 3 46 1 47 1
5
22 10 32 5 37 3 42 2 48 3
5
22 10 32 5 37 3 42 2 47 3
6
22 10 32 5 37 3 42 2 46 2 50 1
6
22 10 32 5 37 3 42 2 46 2 48 1
6
22 10 32 5 37 3 42 2 45 2 50 1
6
22 10 32 5 37 3 42 2 45 2 48 1
6
22 10 32 5 37 3 42 2 45 2 47 1
6
22 10 32 5 37 3 42 2 44 1 49 2
6
22 10 32 5 37 3 42 2 44 1 48 2
6
22 10 32 5 37 3 42 2 44 1 47 2
7
22 10 32 5 37 3 42 2 44 1 46 1 50 1
7
22 10 32 5 37 3 42 2 44 1 46 1 48 1
7
22 10 32 5 37 3 42 2 44 1 46 1 47 1
7
22 10 32 5 37 3 42 2 44 1 45 1 50 1
7
22 10 32 5 37 3 42 2 44 1 45 1 48 1
7
22 10 32 5 37 3 42 2 44 1 45 1 47 1
5
22 10 32 5 37 3 41 2 48 3
5
22 10 32 5 37 3 41 2 47 3
6
22 10 32 5 37 3 41 2 46 2 50 1
6
22 10 32 5 37 3 41 2 46 2 48 1
6
22 10 32 5 37 3 41 2 45 2 50 1
6
22 10 32 5 37 3 41 2 45 2 48 1
6
22 10 32 5 37 3 41 2 45 2 47 1
6
22 10 32 5 37 3 41 2 44 1 49 2
6
22 10 32 5 37 3 41 2 44 1 48 2
6
22 10 32 5 37 3 41 2 44 1 47 2
7
22 10 32 5 37 3 41 2 44 1 46 1 50 1
7
22 10 32 5 37 3 41 2 44 1 46 1 48 1
7
22 10 32 5 37 3 41 2 44 1 46 1 47 1
7
22 10 32 5 37 3 41 2 44 1 45 1 50 1
7
22 10 32 5 37 3 41 2 44 1 45 1 48 1
7
22 10 32 5 37 3 41 2 44 1 45 1 47 1
6
22 10 32 5 37 3 41 2 43 1 49 2
6
22 10 32 5 37 3 41 2 43 1 48 2
6
22 10 32 5 37 3 41 2 43 1 47 2
7
22 10 32 5 37 3 41 2 43 1 46 1 50 1
7
22 10 32 5 37 3 41 2 43 1 46 1 48 1
7
22 10 32 5 37 3 41 2 43 1 46 1 47 1
7
22 10 32 5 37 3 41 2 43 1 45 1 50 1
7
22 10 32 5 37 3 41 2 43 1 45 1 48 1
7
22 10 32 5 37 3 41 2 43 1 45 1 47 1
5
22 10 32 5 37 3 40 1 47 4
6
22 10 32 5 37 3 40 1 46 3 50 1
6
22 10 32 5 37 3 40 1 45 3 50 1
6
22 10 32 5 37 3 40 1 45 3 48 1
6
22 10 32 5 37 3 40 1 44 2 49 2
6
22 10 32 5 37 3 40 1 44 2 48 2
6
22 10 32 5 37 3 40 1 44 2 47 2
7
22 10 32 5 37 3 40 1 44 2 46 1 50 1
7
22 10 32 5 37 3 40 1 44 2 46 1 48 1
7
22 10 32 5 37 3 40 1 44 2 46 1 47 1
6
22 10 32 5 37 3 40 1 43 2 49 2
6
22 10 32 5 37 3 40 1 43 2 48 2
6
22 10 32 5 37 3 40 1 43 2 47 2
7
22 10 32 5 37 3 40 1 43 2 46 1 50 1
7
22 10 32 5 37 3 40 1 43 2 46 1 48 1
7
22 10 32 5 37 3 40 1 43 2 46 1 47 1
7
22 10 32 5 37 3 40 1 43 2 45 1 50 1
7
22 10 32 5 37 3 40 1 43 2 45 1 48 1
7
22 10 32 5 37 3 40 1 43 2 45 1 47 1
6
22 10 32 5 37 3 40 1 42 1 48 3
6
22 10 32 5 37 3 40 1 42 1 47 3
7
22 10 32 5 37 3 40 1 42 1 46 2 50 1
7
22 10 32 5 37 3 40 1 42 1 46 2 48 1
7
22 10 32 5 37 3 40 1 42 1 45 2 50 1
7
22 10 32 5 37 3 40 1 42 1 45 2 48 1
7
22 10 32 5 37 3 40 1 42 1 45 2 47 1
7
22 10 32 5 37 3 40 1 42 1 44 1 49 2
7
22 10 32 5 37 3 40 1 42 1 44 1 48 2
7
22 10 32 5 37 3 40 1 42 1 44 1 47 2
8
22 10 32 5 37 3 40 1 42 1 44 1 46 1 50 1
8
22 10 32 5 37 3 40 1 42 1 44 1 46 1 48 1
8
22 10 32 5 37 3 40 1 42 1 44 1 46 1 47 1
8
22 10 32 5 37 3 40 1 42 1 44 1 45 1 50 1
8
22 10 32 5 37 3 40 1 42 1 44 1 45 1 48 1
8
22 10 32 5 37 3 40 1 42 1 44 1 45 1 47 1
7
22 10 32 5 37 3 40 1 42 1 43 1 49 2
7
22 10 32 5 37 3 40 1 42 1 43 1 48 2
7
22 10 32 5 37 3 40 1 42 1 43 1 47 2
8
22 10 32 5 37 3 40 1 42 1 43 1 46 1 50 1
8
22 10 32 5 37 3 40 1 42 1 43 1 46 1 48 1
8
22 10 32 5 37 3 40 1 42 1 43 1 46 1 47 1
8
22 10 32 5 37 3 40 1 42 1 43 1 45 1 50 1
8
22 10 32 5 37 3 40 1 42 1 43 1 45 1 48 1
8
22 10 32 5 37 3 40 1 42 1 43 1 45 1 47 1
6
22 10 32 5 37 3 40 1 41 1 48 3
6
22 10 32 5 37 3 40 1 41 1 47 3
7
22 10 32 5 37 3 40 1 41 1 46 2 50 1
7
22 10 32 5 37 3 40 1 41 1 46 2 48 1
7
22 10 32 5 37 3 40 1 41 1 45 2 50 1
7
22 10 32 5 37 3 40 1 41 1 45 2 48 1
7
22 10 32 5 37 3 40 1 41 1 45 2 47 1
7
22 10 32 5 37 3 40 1 41 1 44 1 49 2
7
22 10 32 5 37 3 40 1 41 1 44 1 48 2
7
22 10 32 5 37 3 40 1 41 1 44 1 47 2
8
22 10 32 5 37 3 40 1 41 1 44 1 46 1 50 1
8
22 10 32 5 37 3 40 1 41 1 44 1 46 1 48 1
8
22 10 32 5 37 3 40 1 41 1 44 1 46 1 47 1
8
22 10 32 5 37 3 40 1 41 1 44 1 45 1 50 1
8
22 10 32 5 37 3 40 1 41 1 44 1 45 1 48 1
8
22 10 32 5 37 3 40 1 41 1 44 1 45 1 47 1
7
22 10 32 5 37 3 40 1 41 1 43 1 49 2
7
22 10 32 5 37 3 40 1 41 1 43 1 48 2
7
22 10 32 5 37 3 40 1 41 1 43 1 47 2
8
22 10 32 5 37 3 40 1 41 1 43 1 46 1 50 1
8
22 10 32 5 37 3 40 1 41 1 43 1 46 1 48 1
8
22 10 32 5 37 3 40 1 41 1 43 1 46 1 47 1
8
22 10 32 5 37 3 40 1 41 1 43 1 45 1 50 1
8
22 10 32 5 37 3 40 1 41 1 43 1 45 1 48 1
8
22 10 32 5 37 3 40 1 41 1 43 1 45 1 47 1
4
21 10 38 8 46 4 50 1
4
21 10 37 8 46 4 50 1
4
21 10 37 8 45 4 50 1
4
21 10 36 7 45 5 50 1
4
21 10 36 7 44 4 49 2
4
21 10 36 7 44 4 48 2
4
21 10 36 7 43 4 49 2
4
21 10 36 7 43 4 48 2
4
21 10 36 7 43 4 47 2
4
21 10 35 7 45 5 50 1
4
21 10 35 7 44 4 49 2
4
21 10 35 7 44 4 48 2
4
21 10 35 7 43 4 49 2
4
21 10 35 7 43 4 48 2
4
21 10 35 7 43 4 47 2
4
21 10 35 7 42 3 48 3
4
21 10 35 7 42 3 47 3
5
21 10 35 7 42 3 46 2 50 1
5
21 10 35 7 42 3 46 2 48 1
5
21 10 35 7 42 3 45 2 50 1
5
21 10 35 7 42 3 45 2 48 1
5
21 10 35 7 42 3 45 2 47 1
4
21 10 34 6 44 5 49 2
4
21 10 34 6 43 5 49 2
4
21 10 34 6 43 5 48 2
4
21 10 34 6 42 4 48 3
4
21 10 34 6 42 4 47 3
5
21 10 34 6 42 4 46 2 50 1
5
21 10 34 6 42 4 46 2 48 1
4
21 10 34 6 41 4 48 3
4
21 10 34 6 41 4 47 3
5
21 10 34 6 41 4 46 2 50 1
5
21 10 34 6 41 4 46 2 48 1
5
21 10 34 6 41 4 45 2 50 1
5
21 10 34 6 41 4 45 2 48 1
5
21 10 34 6 41 4 45 2 47 1
4
21 10 34 6 40 3 47 4
5
21 10 34 6 40 3 46 3 50 1
5
21 10 34 6 40 3 45 3 50 1
5
21 10 34 6 40 3 45 3 48 1
5
21 10 34 6 40 3 44 2 49 2
5
21 10 34 6 40 3 44 2 48 2
5
21 10 34 6 40 3 44 2 47 2
6
21 10 34 6 40 3 44 2 46 1 50 1
6
21 10 34 6 40 3 44 2 46 1 48 1
6
21 10 34 6 40 3 44 2 46 1 47 1
5
21 10 34 6 40 3 43 2 49 2
5
21 10 34 6 40 3 43 2 48 2
5
21 10 34 6 40 3 43 2 47 2
6
21 10 34 6 40 3 43 2 46 1 50 1
6
21 10 34 6 40 3 43 2 46 1 48 1
6
21 10 34 6 40 3 43 2 46 1 47 1
6
21 10 34 6 40 3 43 2 45 1 50 1
6
21 10 34 6 40 3 43 2 45 1 48 1
6
21 10 34 6 40 3 43 2 45 1 47 1
4
21 10 33 6 44 5 49 2
4
21 10 33 6 43 5 49 2
4
21 10 33 6 43 5 48 2
4
21 10 33 6 42 4 48 3
4
21 10 33 6 42 4 47 3
5
21 10 33 6 42 4 46 2 50 1
5
21 10 33 6 42 4 46 2 48 1
4
21 10 33 6 41 4 48 3
4
21 10 33 6 41 4 47 3
5
21 10 33 6 41 4 46 2 50 1
5
21 10 33 6 41 4 46 2 48 1
5
21 10 33 6 41 4 45 2 50 1
5
21 10 33 6 41 4 45 2 48 1
5
21 10 33 6 41 4 45 2 47 1
4
21 10 33 6 40 3 47 4
5
21 10 33 6 40 3 46 3 50 1
5
21 10 33 6 40 3 45 3 50 1
5
21 10 33 6 40 3 45 3 48 1
5
21 10 33 6 40 3 44 2 49 2
5
21 10 33 6 40 3 44 2 48 2
5
21 10 33 6 40 3 44 2 47 2
6
21 10 33 6 40 3 44 2 46 1 50 1
6
21 10 33 6 40 3 44 2 46 1 48 1
6
21 10 33 6 40 3 44 2 46 1 47 1
5
21 10 33 6 40 3 43 2 49 2
5
21 10 33 6 40 3 43 2 48 2
5
21 10 33 6 40 3 43 2 47 2
6
21 10 33 6 40 3 43 2 46 1 50 1
6
21 10 33 6 40 3 43 2 46 1 48 1
6
21 10 33 6 40 3 43 2 46 1 47 1
6
21 10 33 6 40 3 43 2 45 1 50 1
6
21 10 33 6 40 3 43 2 45 1 48 1
6
21 10 33 6 40 3 43 2 45 1 47 1
4
21 10 33 6 39 3 47 4
5
21 10 33 6 39 3 46 3 50 1
5
21 10 33 6 39 3 45 3 50 1
5
21 10 33 6 39 3 45 3 48 1
5
21 10 33 6 39 3 44 2 49 2
5
21 10 33 6 39 3 44 2 48 2
5
21 10 33 6 39 3 44 2 47 2
6
21 10 33 6 39 3 44 2 46 1 50 1
6
21 10 33 6 39 3 44 2 46 1 48 1
6
21 10 33 6 39 3 44 2 46 1 47 1
5
21 10 33 6 39 3 43 2 49 2
5
21 10 33 6 39 3 43 2 48 2
5
21 10 33 6 39 3 43 2 47 2
6
21 10 33 6 39 3 43 2 46 1 50 1
6
21 10 33 6 39 3 43 2 46 1 48 1
6
21 10 33 6 39 3 43 2 46 1 47 1
6
21 10 33 6 39 3 43 2 45 1 50 1
6
21 10 33 6 39 3 43 2 45 1 48 1
6
21 10 33 6 39 3 43 2 45 1 47 1
5
21 10 33 6 39 3 42 1 48 3
5
21 10 33 6 39 3 42 1 47 3
6
21 10 33 6 39 3 42 1 46 2 50 1
6
21 10 33 6 39 3 42 1 46 2 48 1
6
21 10 33 6 39 3 42 1 45 2 50 1
6
21 10 33 6 39 3 42 1 45 2 48 1
6
21 10 33 6 39 3 42 1 45 2 47 1
6
21 10 33 6 39 3 42 1 44 1 49 2
6
21 10 33 6 39 3 42 1 44 1 48 2
6
21 10 33 6 39 3 42 1 44 1 47 2
7
21 10 33 6 39 3 42 1 44 1 46 1 50 1
7
21 10 33 6 39 3 42 1 44 1 46 1 48 1
7
21 10 33 6 39 3 42 1 44 1 46 1 47 1
7
21 10 33 6 39 3 42 1 44 1 45 1 50 1
7
21 10 33 6 39 3 42 1 44 1 45 1 48 1
7
21 10 33 6 39 3 42 1 44 1 45 1 47 1
6
21 10 33 6 39 3 42 1 43 1 49 2
6
21 10 33 6 39 3 42 1 43 1 48 2
6
21 10 33 6 39 3 42 1 43 1 47 2
7
21 10 33 6 39 3 42 1 43 1 46 1 50 1
7
21 10 33 6 39 3 42 1 43 1 46 1 48 1
7
21 10 33 6 39 3 42 1 43 1 46 1 47 1
7
21 10 33 6 39 3 42 1 43 1 45 1 50 1
7
21 10 33 6 39 3 42 1 43 1 45 1 48 1
7
21 10 33 6 39 3 42 1 43 1 45 1 47 1
4
21 10 32 5 43 6 49 2
4
21 10 32 5 42 5 48 3
4
21 10 32 5 42 5 47 3
4
21 10 32 5 41 5 48 3
4
21 10 32 5 41 5 47 3
5
21 10 32 5 41 5 46 2 50 1
5
21 10 32 5 41 5 46 2 48 1
4
21 10 32 5 40 4 47 4
5
21 10 32 5 40 4 46 3 50 1
5
21 10 32 5 40 4 45 3 50 1
5
21 10 32 5 40 4 45 3 48 1
5
21 10 32 5 40 4 44 2 49 2
5
21 10 32 5 40 4 44 2 48 2
5
21 10 32 5 40 4 44 2 47 2
6
21 10 32 5 40 4 44 2 46 1 50 1
6
21 10 32 5 40 4 44 2 46 1 48 1
6
21 10 32 5 40 4 44 2 46 1 47 1
4
21 10 32 5 39 4 47 4
5
21 10 32 5 39 4 46 3 50 1
5
21 10 32 5 39 4 45 3 50 1
5
21 10 32 5 39 4 45 3 48 1
5
21 10 32 5 39 4 44 2 49 2
5
21 10 32 5 39 4 44 2 48 2
5
21 10 32 5 39 4 44 2 47 2
6
21 10 32 5 39 4 44 2 46 1 50 1
6
21 10 32 5 39 4 44 2 46 1 48 1
6
21 10 32 5 39 4 44 2 46 1 47 1
5
21 10 32 5 39 4 43 2 49 2
5
21 10 32 5 39 4 43 2 48 2
5
21 10 32 5 39 4 43 2 47 2
6
21 10 32 5 39 4 43 2 46 1 50 1
6
21 10 32 5 39 4 43 2 46 1 48 1
6
21 10 32 5 39 4 43 2 46 1 47 1
6
21 10 32 5 39 4 43 2 45 1 50 1
6
21 10 32 5 39 4 43 2 45 1 48 1
6
21 10 32 5 39 4 43 2 45 1 47 1
5
21 10 32 5 38 3 46 4 50 1
5
21 10 32 5 38 3 45 4 50 1
5
21 10 32 5 38 3 44 3 49 2
5
21 10 32 5 38 3 44 3 48 2
5
21 10 32 5 38 3 44 3 47 2
5
21 10 32 5 38 3 43 3 49 2
5
21 10 32 5 38 3 43 3 48 2
5
21 10 32 5 38 3 43 3 47 2
6
21 10 32 5 38 3 43 3 46 1 50 1
6
21 10 32 5 38 3 43 3 46 1 48 1
6
21 10 32 5 38 3 43 3 46 1 47 1
5
21 10 32 5 38 3 42 2 48 3
5
21 10 32 5 38 3 42 2 47 3
6
21 10 32 5 38 3 42 2 46 2 50 1
6
21 10 32 5 38 3 42 2 46 2 48 1
6
21 10 32 5 38 3 42 2 45 2 50 1
6
21 10 32 5 38 3 42 2 45 2 48 1
6
21 10 32 5 38 3 42 2 45 2 47 1
6
21 10 32 5 38 3 42 2 44 1 49 2
6
21 10 32 5 38 3 42 2 44 1 48 2
6
21 10 32 5 38 3 42 2 44 1 47 2
7
21 10 32 5 38 3 42 2 44 1 46 1 50 1
7
21 10 32 5 38 3 42 2 44 1 46 1 48 1
7
21 10 32 5 38 3 42 2 44 1 46 1 47 1
7
21 10 32 5 38 3 42 2 44 1 45 1 50 1
7
21 10 32 5 38 3 42 2 44 1 45 1 48 1
7
21 10 32 5 38 3 42 2 44 1 45 1 47 1
5
21 10 32 5 38 3 41 2 48 3
5
21 10 32 5 38 3 41 2 47 3
6
21 10 32 5 38 3 41 2 46 2 50 1
6
21 10 32 5 38 3 41 2 46 2 48 1
6
21 10 32 5 38 3 41 2 45 2 50 1
6
21 10 32 5 38 3 41 2 45 2 48 1
6
21 10 32 5 38 3 41 2 45 2 47 1
6
21 10 32 5 38 3 41 2 44 1 49 2
6
21 10 32 5 38 3 41 2 44 1 48 2
6
21 10 32 5 38 3 41 2 44 1 47 2
7
21 10 32 5 38 3 41 2 44 1 46 1 50 1
7
21 10 32 5 38 3 41 2 44 1 46 1 48 1
7
21 10 32 5 38 3 41 2 44 1 46 1 47 1
7
21 10 32 5 38 3 41 2 44 1 45 1 50 1
7
21 10 32 5 38 3 41 2 44 1 45 1 48 1
7
21 10 32 5 38 3 41 2 44 1 45 1 47 1
6
21 10 32 5 38 3 41 2 43 1 49 2
6
21 10 32 5 38 3 41 2 43 1 48 2
6
21 10 32 5 38 3 41 2 43 1 47 2
7
21 10 32 5 38 3 41 2 43 1 46 1 50 1
7
21 10 32 5 38 3 41 2 43 1 46 1 48 1
7
21 10 32 5 38 3 41 2 43 1 46 1 47 1
7
21 10 32 5 38 3 41 2 43 1 45 1 50 1
7
21 10 32 5 38 3 41 2 43 1 45 1 48 1
7
21 10 32 5 38 3 41 2 43 1 45 1 47 1
5
21 10 32 5 37 3 46 4 50 1
5
21 10 32 5 37 3 45 4 50 1
5
21 10 32 5 37 3 44 3 49 2
5
21 10 32 5 37 3 44 3 48 2
5
21 10 32 5 37 3 44 3 47 2
5
21 10 32 5 37 3 43 3 49 2
5
21 10 32 5 37 3 43 3 48 2
5
21 10 32 5 37 3 43 3 47 2
6
21 10 32 5 37 3 43 3 46 1 50 1
6
21 10 32 5 37 3 43 3 46 1 48 1
6
21 10 32 5 37 3 43 3 46 1 47 1
5
21 10 32 5 37 3 42 2 48 3
5
21 10 32 5 37 3 42 2 47 3
6
21 10 32 5 37 3 42 2 46 2 50 1
6
21 10 32 5 37 3 42 2 46 2 48 1
6
21 10 32 5 37 3 42 2 45 2 50 1
6
21 10 32 5 37 3 42 2 45 2 48 1
6
21 10 32 5 37 3 42 2 45 2 47 1
6
21 10 32 5 37 3 42 2 44 1 49 2
6
21 10 32 5 37 3 42 2 44 1 48 2
6
21 10 32 5 37 3 42 2 44 1 47 2
7
21 10 32 5 37 3 42 2 44 1 46 1 50 1
7
21 10 32 5 37 3 42 2 44 1 46 1 48 1
7
21 10 32 5 37 3 42 2 44 1 46 1 47 1
7
21 10 32 5 37 3 42 2 44 1 45 1 50 1
7
21 10 32 5 37 3 42 2 44 1 45 1 48 1
7
21 10 32 5 37 3 42 2 44 1 45 1 47 1
5
21 10 32 5 37 3 41 2 48 3
5
21 10 32 5 37 3 41 2 47 3
6
21 10 32 5 37 3 41 2 46 2 50 1
6
21 10 32 5 37 3 41 2 46 2 48 1
6
21 10 32 5 37 3 41 2 45 2 50 1
6
21 10 32 5 37 3 41 2 45 2 48 1
6
21 10 32 5 37 3 41 2 45 2 47 1
6
21 10 32 5 37 3 41 2 44 1 49 2
6
21 10 32 5 37 3 41 2 44 1 48 2
6
21 10 32 5 37 3 41 2 44 1 47 2
7
21 10 32 5 37 3 41 2 44 1 46 1 50 1
7
21 10 32 5 37 3 41 2 44 1 46 1 48 1
7
21 10 32 5 37 3 41 2 44 1 46 1 47 1
7
21 10 32 5 37 3 41 2 44 1 45 1 50 1
7
21 10 32 5 37 3 41 2 44 1 45 1 48 1
7
21 10 32 5 37 3 41 2 44 1 45 1 47 1
6
21 10 32 5 37 3 41 2 43 1 49 2
6
21 10 32 5 37 3 41 2 43 1 48 2
6
21 10 32 5 37 3 41 2 43 1 47 2
7
21 10 32 5 37 3 41 2 43 1 46 1 50 1
7
21 10 32 5 37 3 41 2 43 1 46 1 48 1
7
21 10 32 5 37 3 41 2 43 1 46 1 47 1
7
21 10 32 5 37 3 41 2 43 1 45 1 50 1
7
21 10 32 5 37 3 41 2 43 1 45 1 48 1
7
21 10 32 5 37 3 41 2 43 1 45 1 47 1
5
21 10 32 5 37 3 40 1 47 4
6
21 10 32 5 37 3 40 1 46 3 50 1
6
21 10 32 5 37 3 40 1 45 3 50 1
6
21 10 32 5 37 3 40 1 45 3 48 1
6
21 10 32 5 37 3 40 1 44 2 49 2
6
21 10 32 5 37 3 40 1 44 2 48 2
6
21 10 32 5 37 3 40 1 44 2 47 2
7
21 10 32 5 37 3 40 1 44 2 46 1 50 1
7
21 10 32 5 37 3 40 1 44 2 46 1 48 1
7
21 10 32 5 37 3 40 1 44 2 46 1 47 1
6
21 10 32 5 37 3 40 1 43 2 49 2
6
21 10 32 5 37 3 40 1 43 2 48 2
6
21 10 32 5 37 3 40 1 43 2 47 2
7
21 10 32 5 37 3 40 1 43 2 46 1 50 1
7
21 10 32 5 37 3 40 1 43 2 46 1 48 1
7
21 10 32 5 37 3 40 1 43 2 46 1 47 1
7
21 10 32 5 37 3 40 1 43 2 45 1 50 1
7
21 10 32 5 37 3 40 1 43 2 45 1 48 1
7
21 10 32 5 37 3 40 1 43 2 45 1 47 1
6
21 10 32 5 37 3 40 1 42 1 48 3
6
21 10 32 5 37 3 40 1 42 1 47 3
7
21 10 32 5 37 3 40 1 42 1 46 2 50 1
7
21 10 32 5 37 3 40 1 42 1 46 2 48 1
7
21 10 32 5 37 3 40 1 42 1 45 2 50 1
7
21 10 32 5 37 3 40 1 42 1 45 2 48 1
7
21 10 32 5 37 3 40 1 42 1 45 2 47 1
7
21 10 32 5 37 3 40 1 42 1 44 1 49 2
7
21 10 32 5 37 3 40 1 42 1 44 1 48 2
7
21 10 32 5 37 3 40 1 42 1 44 1 47 2
8
21 10 32 5 37 3 40 1 42 1 44 1 46 1 50 1
8
21 10 32 5 37 3 40 1 42 1 44 1 46 1 48 1
8
21 10 32 5 37 3 40 1 42 1 44 1 46 1 47 1
8
21 10 32 5 37 3 40 1 42 1 44 1 45 1 50 1
8
21 10 32 5 37 3 40 1 42 1 44 1 45 1 48 1
8
21 10 32 5 37 3 40 1 42 1 44 1 45 1 47 1
7
21 10 32 5 37 3 40 1 42 1 43 1 49 2
7
21 10 32 5 37 3 40 1 42 1 43 1 48 2
7
21 10 32 5 37 3 40 1 42 1 43 1 47 2
8
21 10 32 5 37 3 40 1 42 1 43 1 46 1 50 1
8
21 10 32 5 37 3 40 1 42 1 43 1 46 1 48 1
8
21 10 32 5 37 3 40 1 42 1 43 1 46 1 47 1
8
21 10 32 5 37 3 40 1 42 1 43 1 45 1 50 1
8
21 10 32 5 37 3 40 1 42 1 43 1 45 1 48 1
8
21 10 32 5 37 3 40 1 42 1 43 1 45 1 47 1
6
21 10 32 5 37 3 40 1 41 1 48 3
6
21 10 32 5 37 3 40 1 41 1 47 3
7
21 10 32 5 37 3 40 1 41 1 46 2 50 1
7
21 10 32 5 37 3 40 1 41 1 46 2 48 1
7
21 10 32 5 37 3 40 1 41 1 45 2 50 1
7
21 10 32 5 37 3 40 1 41 1 45 2 48 1
7
21 10 32 5 37 3 40 1 41 1 45 2 47 1
7
21 10 32 5 37 3 40 1 41 1 44 1 49 2
7
21 10 32 5 37 3 40 1 41 1 44 1 48 2
7
21 10 32 5 37 3 40 1 41 1 44 1 47 2
8
21 10 32 5 37 3 40 1 41 1 44 1 46 1 50 1
8
21 10 32 5 37 3 40 1 41 1 44 1 46 1 48 1
8
21 10 32 5 37 3 40 1 41 1 44 1 46 1 47 1
8
21 10 32 5 37 3 40 1 41 1 44 1 45 1 50 1
8
21 10 32 5 37 3 40 1 41 1 44 1 45 1 48 1
8
21 10 32 5 37 3 40 1 41 1 44 1 45 1 47 1
7
21 10 32 5 37 3 40 1 41 1 43 1 49 2
7
21 10 32 5 37 3 40 1 41 1 43 1 48 2
7
21 10 32 5 37 3 40 1 41 1 43 1 47 2
8
21 10 32 5 37 3 40 1 41 1 43 1 46 1 50 1
8
21 10 32 5 37 3 40 1 41 1 43 1 46 1 48 1
8
21 10 32 5 37 3 40 1 41 1 43 1 46 1 47 1
8
21 10 32 5 37 3 40 1 41 1 43 1 45 1 50 1
8
21 10 32 5 37 3 40 1 41 1 43 1 45 1 48 1
8
21 10 32 5 37 3 40 1 41 1 43 1 45 1 47 1
4
21 10 31 5 43 6 49 2
4
21 10 31 5 42 5 48 3
4
21 10 31 5 42 5 47 3
4
21 10 31 5 41 5 48 3
4
21 10 31 5 41 5 47 3
5
21 10 31 5 41 5 46 2 50 1
5
21 10 31 5 41 5 46 2 48 1
4
21 10 31 5 40 4 47 4
5
21 10 31 5 40 4 46 3 50 1
5
21 10 31 5 40 4 45 3 50 1
5
21 10 31 5 40 4 45 3 48 1
5
21 10 31 5 40 4 44 2 49 2
5
21 10 31 5 40 4 44 2 48 2
5
21 10 31 5 40 4 44 2 47 2
6
21 10 31 5 40 4 44 2 46 1 50 1
6
21 10 31 5 40 4 44 2 46 1 48 1
6
21 10 31 5 40 4 44 2 46 1 47 1
4
21 10 31 5 39 4 47 4
5
21 10 31 5 39 4 46 3 50 1
5
21 10 31 5 39 4 45 3 50 1
5
21 10 31 5 39 4 45 3 48 1
5
21 10 31 5 39 4 44 2 49 2
5
21 10 31 5 39 4 44 2 48 2
5
21 10 31 5 39 4 44 2 47 2
6
21 10 31 5 39 4 44 2 46 1 50 1
6
21 10 31 5 39 4 44 2 46 1 48 1
6
21 10 31 5 39 4 44 2 46 1 47 1
5
21 10 31 5 39 4 43 2 49 2
5
21 10 31 5 39 4 43 2 48 2
5
21 10 31 5 39 4 43 2 47 2
6
21 10 31 5 39 4 43 2 46 1 50 1
6
21 10 31 5 39 4 43 2 46 1 48 1
6
21 10 31 5 39 4 43 2 46 1 47 1
6
21 10 31 5 39 4 43 2 45 1 50 1
6
21 10 31 5 39 4 43 2 45 1 48 1
6
21 10 31 5 39 4 43 2 45 1 47 1
5
21 10 31 5 38 3 46 4 50 1
5
21 10 31 5 38 3 45 4 50 1
5
21 10 31 5 38 3 44 3 49 2
5
21 10 31 5 38 3 44 3 48 2
5
21 10 31 5 38 3 44 3 47 2
5
21 10 31 5 38 3 43 3 49 2
5
21 10 31 5 38 3 43 3 48 2
5
21 10 31 5 38 3 43 3 47 2
6
21 10 31 5 38 3 43 3 46 1 50 1
6
21 10 31 5 38 3 43 3 46 1 48 1
6
21 10 31 5 38 3 43 3 46 1 47 1
5
21 10 31 5 38 3 42 2 48 3
5
21 10 31 5 38 3 42 2 47 3
6
21 10 31 5 38 3 42 2 46 2 50 1
6
21 10 31 5 38 3 42 2 46 2 48 1
6
21 10 31 5 38 3 42 2 45 2 50 1
6
21 10 31 5 38 3 42 2 45 2 48 1
6
21 10 31 5 38 3 42 2 45 2 47 1
6
21 10 31 5 38 3 42 2 44 1 49 2
6
21 10 31 5 38 3 42 2 44 1 48 2
6
21 10 31 5 38 3 42 2 44 1 47 2
7
21 10 31 5 38 3 42 2 44 1 46 1 50 1
7
21 10 31 5 38 3 42 2 44 1 46 1 48 1
7
21 10 31 5 38 3 42 2 44 1 46 1 47 1
7
21 10 31 5 38 3 42 2 44 1 45 1 50 1
7
21 10 31 5 38 3 42 2 44 1 45 1 48 1
7
21 10 31 5 38 3 42 2 44 1 45 1 47 1
5
21 10 31 5 38 3 41 2 48 3
5
21 10 31 5 38 3 41 2 47 3
6
21 10 31 5 38 3 41 2 46 2 50 1
6
21 10 31 5 38 3 41 2 46 2 48 1
6
21 10 31 5 38 3 41 2 45 2 50 1
6
21 10 31 5 38 3 41 2 45 2 48 1
6
21 10 31 5 38 3 41 2 45 2 47 1
6
21 10 31 5 38 3 41 2 44 1 49 2
6
21 10 31 5 38 3 41 2 44 1 48 2
6
21 10 31 5 38 3 41 2 44 1 47 2
7
21 10 31 5 38 3 41 2 44 1 46 1 50 1
7
21 10 31 5 38 3 41 2 44 1 46 1 48 1
7
21 10 31 5 38 3 41 2 44 1 46 1 47 1
7
21 10 31 5 38 3 41 2 44 1 45 1 50 1
7
21 10 31 5 38 3 41 2 44 1 45 1 48 1
7
21 10 31 5 38 3 41 2 44 1 45 1 47 1
6
21 10 31 5 38 3 41 2 43 1 49 2
6
21 10 31 5 38 3 41 2 43 1 48 2
6
21 10 31 5 38 3 41 2 43 1 47 2
7
21 10 31 5 38 3 41 2 43 1 46 1 50 1
7
21 10 31 5 38 3 41 2 43 1 46 1 48 1
7
21 10 31 5 38 3 41 2 43 1 46 1 47 1
7
21 10 31 5 38 3 41 2 43 1 45 1 50 1
7
21 10 31 5 38 3 41 2 43 1 45 1 48 1
7
21 10 31 5 38 3 41 2 43 1 45 1 47 1
5
21 10 31 5 37 3 46 4 50 1
5
21 10 31 5 37 3 45 4 50 1
5
21 10 31 5 37 3 44 3 49 2
5
21 10 31 5 37 3 44 3 48 2
5
21 10 31 5 37 3 44 3 47 2
5
21 10 31 5 37 3 43 3 49 2
5
21 10 31 5 37 3 43 3 48 2
5
21 10 31 5 37 3 43 3 47 2
6
21 10 31 5 37 3 43 3 46 1 50 1
6
21 10 31 5 37 3 43 3 46 1 48 1
6
21 10 31 5 37 3 43 3 46 1 47 1
5
21 10 31 5 37 3 42 2 48 3
5
21 10 31 5 37 3 42 2 47 3
6
21 10 31 5 37 3 42 2 46 2 50 1
6
21 10 31 5 37 3 42 2 46 2 48 1
6
21 10 31 5 37 3 42 2 45 2 50 1
6
21 10 31 5 37 3 42 2 45 2 48 1
6
21 10 31 5 37 3 42 2 45 2 47 1
6
21 10 31 5 37 3 42 2 44 1 49 2
6
21 10 31 5 37 3 42 2 44 1 48 2
6
21 10 31 5 37 3 42 2 44 1 47 2
7
21 10 31 5 37 3 42 2 44 1 46 1 50 1
7
21 10 31 5 37 3 42 2 44 1 46 1 48 1
7
21 10 31 5 37 3 42 2 44 1 46 1 47 1
7
21 10 31 5 37 3 42 2 44 1 45 1 50 1
7
21 10 31 5 37 3 42 2 44 1 45 1 48 1
7
21 10 31 5 37 3 42 2 44 1 45 1 47 1
5
21 10 31 5 37 3 41 2 48 3
5
21 10 31 5 37 3 41 2 47 3
6
21 10 31 5 37 3 41 2 46 2 50 1
6
21 10 31 5 37 3 41 2 46 2 48 1
6
21 10 31 5 37 3 41 2 45 2 50 1
6
21 10 31 5 37 3 41 2 45 2 48 1
6
21 10 31 5 37 3 41 2 45 2 47 1
6
21 10 31 5 37 3 41 2 44 1 49 2
6
21 10 31 5 37 3 41 2 44 1 48 2
6
21 10 31 5 37 3 41 2 44 1 47 2
7
21 10 31 5 37 3 41 2 44 1 46 1 50 1
7
21 10 31 5 37 3 41 2 44 1 46 1 48 1
7
21 10 31 5 37 3 41 2 44 1 46 1 47 1
7
21 10 31 5 37 3 41 2 44 1 45 1 50 1
7
21 10 31 5 37 3 41 2 44 1 45 1 48 1
7
21 10 31 5 37 3 41 2 44 1 45 1 47 1
6
21 10 31 5 37 3 41 2 43 1 49 2
6
21 10 31 5 37 3 41 2 43 1 48 2
6
21 10 31 5 37 3 41 2 43 1 47 2
7
21 10 31 5 37 3 41 2 43 1 46 1 50 1
7
21 10 31 5 37 3 41 2 43 1 46 1 48 1
7
21 10 31 5 37 3 41 2 43 1 46 1 47 1
7
21 10 31 5 37 3 41 2 43 1 45 1 50 1
7
21 10 31 5 37 3 41 2 43 1 45 1 48 1
7
21 10 31 5 37 3 41 2 43 1 45 1 47 1
5
21 10 31 5 37 3 40 1 47 4
6
21 10 31 5 37 3 40 1 46 3 50 1
6
21 10 31 5 37 3 40 1 45 3 50 1
6
21 10 31 5 37 3 40 1 45 3 48 1
6
21 10 31 5 37 3 40 1 44 2 49 2
6
21 10 31 5 37 3 40 1 44 2 48 2
6
21 10 31 5 37 3 40 1 44 2 47 2
7
21 10 31 5 37 3 40 1 44 2 46 1 50 1
7
21 10 31 5 37 3 40 1 44 2 46 1 48 1
7
21 10 31 5 37 3 40 1 44 2 46 1 47 1
6
21 10 31 5 37 3 40 1 43 2 49 2
6
21 10 31 5 37 3 40 1 43 2 48 2
6
21 10 31 5 37 3 40 1 43 2 47 2
7
21 10 31 5 37 3 40 1 43 2 46 1 50 1
7
21 10 31 5 37 3 40 1 43 2 46 1 48 1
7
21 10 31 5 37 3 40 1 43 2 46 1 47 1
7
21 10 31 5 37 3 40 1 43 2 45 1 50 1
7
21 10 31 5 37 3 40 1 43 2 45 1 48 1
7
21 10 31 5 37 3 40 1 43 2 45 1 47 1
6
21 10 31 5 37 3 40 1 42 1 48 3
6
21 10 31 5 37 3 40 1 42 1 47 3
7
21 10 31 5 37 3 40 1 42 1 46 2 50 1
7
21 10 31 5 37 3 40 1 42 1 46 2 48 1
7
21 10 31 5 37 3 40 1 42 1 45 2 50 1
7
21 10 31 5 37 3 40 1 42 1 45 2 48 1
7
21 10 31 5 37 3 40 1 42 1 45 2 47 1
7
21 10 31 5 37 3 40 1 42 1 44 1 49 2
7
21 10 31 5 37 3 40 1 42 1 44 1 48 2
7
21 10 31 5 37 3 40 1 42 1 44 1 47 2
8
21 10 31 5 37 3 40 1 42 1 44 1 46 1 50 1
8
21 10 31 5 37 3 40 1 42 1 44 1 46 1 48 1
8
21 10 31 5 37 3 40 1 42 1 44 1 46 1 47 1
8
21 10 31 5 37 3 40 1 42 1 44 1 45 1 50 1
8
21 10 31 5 37 3 40 1 42 1 44 1 45 1 48 1
8
21 10 31 5 37 3 40 1 42 1 44 1 45 1 47 1
7
21 10 31 5 37 3 40 1 42 1 43 1 49 2
7
21 10 31 5 37 3 40 1 42 1 43 1 48 2
7
21 10 31 5 37 3 40 1 42 1 43 1 47 2
8
21 10 31 5 37 3 40 1 42 1 43 1 46 1 50 1
8
21 10 31 5 37 3 40 1 42 1 43 1 46 1 48 1
8
21 10 31 5 37 3 40 1 42 1 43 1 46 1 47 1
8
21 10 31 5 37 3 40 1 42 1 43 1 45 1 50 1
8
21 10 31 5 37 3 40 1 42 1 43 1 45 1 48 1
8
21 10 31 5 37 3 40 1 42 1 43 1 45 1 47 1
6
21 10 31 5 37 3 40 1 41 1 48 3
6
21 10 31 5 37 3 40 1 41 1 47 3
7
21 10 31 5 37 3 40 1 41 1 46 2 50 1
7
21 10 31 5 37 3 40 1 41 1 46 2 48 1
7
21 10 31 5 37 3 40 1 41 1 45 2 50 1
7
21 10 31 5 37 3 40 1 41 1 45 2 48 1
7
21 10 31 5 37 3 40 1 41 1 45 2 47 1
7
21 10 31 5 37 3 40 1 41 1 44 1 49 2
7
21 10 31 5 37 3 40 1 41 1 44 1 48 2
7
21 10 31 5 37 3 40 1 41 1 44 1 47 2
8
21 10 31 5 37 3 40 1 41 1 44 1 46 1 50 1
8
21 10 31 5 37 3 40 1 41 1 44 1 46 1 48 1
8
21 10 31 5 37 3 40 1 41 1 44 1 46 1 47 1
8
21 10 31 5 37 3 40 1 41 1 44 1 45 1 50 1
8
21 10 31 5 37 3 40 1 41 1 44 1 45 1 48 1
8
21 10 31 5 37 3 40 1 41 1 44 1 45 1 47 1
7
21 10 31 5 37 3 40 1 41 1 43 1 49 2
7
21 10 31 5 37 3 40 1 41 1 43 1 48 2
7
21 10 31 5 37 3 40 1 41 1 43 1 47 2
8
21 10 31 5 37 3 40 1 41 1 43 1 46 1 50 1
8
21 10 31 5 37 3 40 1 41 1 43 1 46 1 48 1
8
21 10 31 5 37 3 40 1 41 1 43 1 46 1 47 1
8
21 10 31 5 37 3 40 1 41 1 43 1 45 1 50 1
8
21 10 31 5 37 3 40 1 41 1 43 1 45 1 48 1
8
21 10 31 5 37 3 40 1 41 1 43 1 45 1 47 1
5
21 10 31 5 36 2 45 5 50 1
5
21 10 31 5 36 2 44 4 49 2
5
21 10 31 5 36 2 44 4 48 2
5
21 10 31 5 36 2 43 4 49 2
5
21 10 31 5 36 2 43 4 48 2
5
21 10 31 5 36 2 43 4 47 2
5
21 10 31 5 36 2 42 3 48 3
5
21 10 31 5 36 2 42 3 47 3
6
21 10 31 5 36 2 42 3 46 2 50 1
6
21 10 31 5 36 2 42 3 46 2 48 1
6
21 10 31 5 36 2 42 3 45 2 50 1
6
21 10 31 5 36 2 42 3 45 2 48 1
6
21 10 31 5 36 2 42 3 45 2 47 1
5
21 10 31 5 36 2 41 3 48 3
5
21 10 31 5 36 2 41 3 47 3
6
21 10 31 5 36 2 41 3 46 2 50 1
6
21 10 31 5 36 2 41 3 46 2 48 1
6
21 10 31 5 36 2 41 3 45 2 50 1
6
21 10 31 5 36 2 41 3 45 2 48 1
6
21 10 31 5 36 2 41 3 45 2 47 1
6
21 10 31 5 36 2 41 3 44 1 49 2
6
21 10 31 5 36 2 41 3 44 1 48 2
6
21 10 31 5 36 2 41 3 44 1 47 2
7
21 10 31 5 36 2 41 3 44 1 46 1 50 1
7
21 10 31 5 36 2 41 3 44 1 46 1 48 1
7
21 10 31 5 36 2 41 3 44 1 46 1 47 1
7
21 10 31 5 36 2 41 3 44 1 45 1 50 1
7
21 10 31 5 36 2 41 3 44 1 45 1 48 1
7
21 10 31 5 36 2 41 3 44 1 45 1 47 1
5
21 10 31 5 36 2 40 2 47 4
6
21 10 31 5 36 2 40 2 46 3 50 1
6
21 10 31 5 36 2 40 2 45 3 50 1
6
21 10 31 5 36 2 40 2 45 3 48 1
6
21 10 31 5 36 2 40 2 44 2 49 2
6
21 10 31 5 36 2 40 2 44 2 48 2
6
21 10 31 5 36 2 40 2 44 2 47 2
7
21 10 31 5 36 2 40 2 44 2 46 1 50 1
7
21 10 31 5 36 2 40 2 44 2 46 1 48 1
7
21 10 31 5 36 2 40 2 44 2 46 1 47 1
6
21 10 31 5 36 2 40 2 43 2 49 2
6
21 10 31 5 36 2 40 2 43 2 48 2
6
21 10 31 5 36 2 40 2 43 2 47 2
7
21 10 31 5 36 2 40 2 43 2 46 1 50 1
7
21 10 31 5 36 2 40 2 43 2 46 1 48 1
7
21 10 31 5 36 2 40 2 43 2 46 1 47 1
7
21 10 31 5 36 2 40 2 43 2 45 1 50 1
7
21 10 31 5 36 2 40 2 43 2 45 1 48 1
7
21 10 31 5 36 2 40 2 43 2 45 1 47 1
6
21 10 31 5 36 2 40 2 42 1 48 3
6
21 10 31 5 36 2 40 2 42 1 47 3
7
21 10 31 5 36 2 40 2 42 1 46 2 50 1
7
21 10 31 5 36 2 40 2 42 1 46 2 48 1
7
21 10 31 5 36 2 40 2 42 1 45 2 50 1
7
21 10 31 5 36 2 40 2 42 1 45 2 48 1
7
21 10 31 5 36 2 40 2 42 1 45 2 47 1
7
21 10 31 5 36 2 40 2 42 1 44 1 49 2
7
21 10 31 5 36 2 40 2 42 1 44 1 48 2
7
21 10 31 5 36 2 40 2 42 1 44 1 47 2
8
21 10 31 5 36 2 40 2 42 1 44 1 46 1 50 1
8
21 10 31 5 36 2 40 2 42 1 44 1 46 1 48 1
8
21 10 31 5 36 2 40 2 42 1 44 1 46 1 47 1
8
21 10 31 5 36 2 40 2 42 1 44 1 45 1 50 1
8
21 10 31 5 36 2 40 2 42 1 44 1 45 1 48 1
8
21 10 31 5 36 2 40 2 42 1 44 1 45 1 47 1
7
21 10 31 5 36 2 40 2 42 1 43 1 49 2
7
21 10 31 5 36 2 40 2 42 1 43 1 48 2
7
21 10 31 5 36 2 40 2 42 1 43 1 47 2
8
21 10 31 5 36 2 40 2 42 1 43 1 46 1 50 1
8
21 10 31 5 36 2 40 2 42 1 43 1 46 1 48 1
8
21 10 31 5 36 2 40 2 42 1 43 1 46 1 47 1
8
21 10 31 5 36 2 40 2 42 1 43 1 45 1 50 1
8
21 10 31 5 36 2 40 2 42 1 43 1 45 1 48 1
8
21 10 31 5 36 2 40 2 42 1 43 1 45 1 47 1
5
21 10 31 5 36 2 39 2 47 4
6
21 10 31 5 36 2 39 2 46 3 50 1
6
21 10 31 5 36 2 39 2 45 3 50 1
6
21 10 31 5 36 2 39 2 45 3 48 1
6
21 10 31 5 36 2 39 2 44 2 49 2
6
21 10 31 5 36 2 39 2 44 2 48 2
6
21 10 31 5 36 2 39 2 44 2 47 2
7
21 10 31 5 36 2 39 2 44 2 46 1 50 1
7
21 10 31 5 36 2 39 2 44 2 46 1 48 1
7
21 10 31 5 36 2 39 2 44 2 46 1 47 1
6
21 10 31 5 36 2 39 2 43 2 49 2
6
21 10 31 5 36 2 39 2 43 2 48 2
6
21 10 31 5 36 2 39 2 43 2 47 2
7
21 10 31 5 36 2 39 2 43 2 46 1 50 1
7
21 10 31 5 36 2 39 2 43 2 46 1 48 1
7
21 10 31 5 36 2 39 2 43 2 46 1 47 1
7
21 10 31 5 36 2 39 2 43 2 45 1 50 1
7
21 10 31 5 36 2 39 2 43 2 45 1 48 1
7
21 10 31 5 36 2 39 2 43 2 45 1 47 1
6
21 10 31 5 36 2 39 2 42 1 48 3
6
21 10 31 5 36 2 39 2 42 1 47 3
7
21 10 31 5 36 2 39 2 42 1 46 2 50 1
7
21 10 31 5 36 2 39 2 42 1 46 2 48 1
7
21 10 31 5 36 2 39 2 42 1 45 2 50 1
7
21 10 31 5 36 2 39 2 42 1 45 2 48 1
7
21 10 31 5 36 2 39 2 42 1 45 2 47 1
7
21 10 31 5 36 2 39 2 42 1 44 1 49 2
7
21 10 31 5 36 2 39 2 42 1 44 1 48 2
7
21 10 31 5 36 2 39 2 42 1 44 1 47 2
8
21 10 31 5 36 2 39 2 42 1 44 1 46 1 50 1
8
21 10 31 5 36 2 39 2 42 1 44 1 46 1 48 1
8
21 10 31 5 36 2 39 2 42 1 44 1 46 1 47 1
8
21 10 31 5 36 2 39 2 42 1 44 1 45 1 50 1
8
21 10 31 5 36 2 39 2 42 1 44 1 45 1 48 1
8
21 10 31 5 36 2 39 2 42 1 44 1 45 1 47 1
7
21 10 31 5 36 2 39 2 42 1 43 1 49 2
7
21 10 31 5 36 2 39 2 42 1 43 1 48 2
7
21 10 31 5 36 2 39 2 42 1 43 1 47 2
8
21 10 31 5 36 2 39 2 42 1 43 1 46 1 50 1
8
21 10 31 5 36 2 39 2 42 1 43 1 46 1 48 1
8
21 10 31 5 36 2 39 2 42 1 43 1 46 1 47 1
8
21 10 31 5 36 2 39 2 42 1 43 1 45 1 50 1
8
21 10 31 5 36 2 39 2 42 1 43 1 45 1 48 1
8
21 10 31 5 36 2 39 2 42 1 43 1 45 1 47 1
6
21 10 31 5 36 2 39 2 41 1 48 3
6
21 10 31 5 36 2 39 2 41 1 47 3
7
21 10 31 5 36 2 39 2 41 1 46 2 50 1
7
21 10 31 5 36 2 39 2 41 1 46 2 48 1
7
21 10 31 5 36 2 39 2 41 1 45 2 50 1
7
21 10 31 5 36 2 39 2 41 1 45 2 48 1
7
21 10 31 5 36 2 39 2 41 1 45 2 47 1
7
21 10 31 5 36 2 39 2 41 1 44 1 49 2
7
21 10 31 5 36 2 39 2 41 1 44 1 48 2
7
21 10 31 5 36 2 39 2 41 1 44 1 47 2
8
21 10 31 5 36 2 39 2 41 1 44 1 46 1 50 1
8
21 10 31 5 36 2 39 2 41 1 44 1 46 1 48 1
8
21 10 31 5 36 2 39 2 41 1 44 1 46 1 47 1
8
21 10 31 5 36 2 39 2 41 1 44 1 45 1 50 1
8
21 10 31 5 36 2 39 2 41 1 44 1 45 1 48 1
8
21 10 31 5 36 2 39 2 41 1 44 1 45 1 47 1
7
21 10 31 5 36 2 39 2 41 1 43 1 49 2
7
21 10 31 5 36 2 39 2 41 1 43 1 48 2
7
21 10 31 5 36 2 39 2 41 1 43 1 47 2
8
21 10 31 5 36 2 39 2 41 1 43 1 46 1 50 1
8
21 10 31 5 36 2 39 2 41 1 43 1 46 1 48 1
8
21 10 31 5 36 2 39 2 41 1 43 1 46 1 47 1
8
21 10 31 5 36 2 39 2 41 1 43 1 45 1 50 1
8
21 10 31 5 36 2 39 2 41 1 43 1 45 1 48 1
8
21 10 31 5 36 2 39 2 41 1 43 1 45 1 47 1
6
21 10 31 5 36 2 38 1 46 4 50 1
6
21 10 31 5 36 2 38 1 45 4 50 1
6
21 10 31 5 36 2 38 1 44 3 49 2
6
21 10 31 5 36 2 38 1 44 3 48 2
6
21 10 31 5 36 2 38 1 44 3 47 2
6
21 10 31 5 36 2 38 1 43 3 49 2
6
21 10 31 5 36 2 38 1 43 3 48 2
6
21 10 31 5 36 2 38 1 43 3 47 2
7
21 10 31 5 36 2 38 1 43 3 46 1 50 1
7
21 10 31 5 36 2 38 1 43 3 46 1 48 1
7
21 10 31 5 36 2 38 1 43 3 46 1 47 1
6
21 10 31 5 36 2 38 1 42 2 48 3
6
21 10 31 5 36 2 38 1 42 2 47 3
7
21 10 31 5 36 2 38 1 42 2 46 2 50 1
7
21 10 31 5 36 2 38 1 42 2 46 2 48 1
7
21 10 31 5 36 2 38 1 42 2 45 2 50 1
7
21 10 31 5 36 2 38 1 42 2 45 2 48 1
7
21 10 31 5 36 2 38 1 42 2 45 2 47 1
7
21 10 31 5 36 2 38 1 42 2 44 1 49 2
7
21 10 31 5 36 2 38 1 42 2 44 1 48 2
7
21 10 31 5 36 2 38 1 42 2 44 1 47 2
8
21 10 31 5 36 2 38 1 42 2 44 1 46 1 50 1
8
21 10 31 5 36 2 38 1 42 2 44 1 46 1 48 1
8
21 10 31 5 36 2 38 1 42 2 44 1 46 1 47 1
8
21 10 31 5 36 2 38 1 42 2 44 1 45 1 50 1
8
21 10 31 5 36 2 38 1 42 2 44 1 45 1 48 1
8
21 10 31 5 36 2 38 1 42 2 44 1 45 1 47 1
6
21 10 31 5 36 2 38 1 41 2 48 3
6
21 10 31 5 36 2 38 1 41 2 47 3
7
21 10 31 5 36 2 38 1 41 2 46 2 50 1
7
21 10 31 5 36 2 38 1 41 2 46 2 48 1
7
21 10 31 5 36 2 38 1 41 2 45 2 50 1
7
21 10 31 5 36 2 38 1 41 2 45 2 48 1
7
21 10 31 5 36 2 38 1 41 2 45 2 47 1
7
21 10 31 5 36 2 38 1 41 2 44 1 49 2
7
21 10 31 5 36 2 38 1 41 2 44 1 48 2
7
21 10 31 5 36 2 38 1 41 2 44 1 47 2
8
21 10 31 5 36 2 38 1 41 2 44 1 46 1 50 1
8
21 10 31 5 36 2 38 1 41 2 44 1 46 1 48 1
8
21 10 31 5 36 2 38 1 41 2 44 1 46 1 47 1
8
21 10 31 5 36 2 38 1 41 2 44 1 45 1 50 1
8
21 10 31 5 36 2 38 1 41 2 44 1 45 1 48 1
8
21 10 31 5 36 2 38 1 41 2 44 1 45 1 47 1
7
21 10 31 5 36 2 38 1 41 2 43 1 49 2
7
21 10 31 5 36 2 38 1 41 2 43 1 48 2
7
21 10 31 5 36 2 38 1 41 2 43 1 47 2
8
21 10 31 5 36 2 38 1 41 2 43 1 46 1 50 1
8
21 10 31 5 36 2 38 1 41 2 43 1 46 1 48 1
8
21 10 31 5 36 2 38 1 41 2 43 1 46 1 47 1
8
21 10 31 5 36 2 38 1 41 2 43 1 45 1 50 1
8
21 10 31 5 36 2 38 1 41 2 43 1 45 1 48 1
8
21 10 31 5 36 2 38 1 41 2 43 1 45 1 47 1
6
21 10 31 5 36 2 38 1 40 1 47 4
7
21 10 31 5 36 2 38 1 40 1 46 3 50 1
7
21 10 31 5 36 2 38 1 40 1 45 3 50 1
7
21 10 31 5 36 2 38 1 40 1 45 3 48 1
7
21 10 31 5 36 2 38 1 40 1 44 2 49 2
7
21 10 31 5 36 2 38 1 40 1 44 2 48 2
7
21 10 31 5 36 2 38 1 40 1 44 2 47 2
8
21 10 31 5 36 2 38 1 40 1 44 2 46 1 50 1
8
21 10 31 5 36 2 38 1 40 1 44 2 46 1 48 1
8
21 10 31 5 36 2 38 1 40 1 44 2 46 1 47 1
7
21 10 31 5 36 2 38 1 40 1 43 2 49 2
7
21 10 31 5 36 2 38 1 40 1 43 2 48 2
7
21 10 31 5 36 2 38 1 40 1 43 2 47 2
8
21 10 31 5 36 2 38 1 40 1 43 2 46 1 50 1
8
21 10 31 5 36 2 38 1 40 1 43 2 46 1 48 1
8
21 10 31 5 36 2 38 1 40 1 43 2 46 1 47 1
8
21 10 31 5 36 2 38 1 40 1 43 2 45 1 50 1
8
21 10 31 5 36 2 38 1 40 1 43 2 45 1 48 1
8
21 10 31 5 36 2 38 1 40 1 43 2 45 1 47 1
7
21 10 31 5 36 2 38 1 40 1 42 1 48 3
7
21 10 31 5 36 2 38 1 40 1 42 1 47 3
8
21 10 31 5 36 2 38 1 40 1 42 1 46 2 50 1
8
21 10 31 5 36 2 38 1 40 1 42 1 46 2 48 1
8
21 10 31 5 36 2 38 1 40 1 42 1 45 2 50 1
8
21 10 31 5 36 2 38 1 40 1 42 1 45 2 48 1
8
21 10 31 5 36 2 38 1 40 1 42 1 45 2 47 1
8
21 10 31 5 36 2 38 1 40 1 42 1 44 1 49 2
8
21 10 31 5 36 2 38 1 40 1 42 1 44 1 48 2
8
21 10 31 5 36 2 38 1 40 1 42 1 44 1 47 2
8
21 10 31 5 36 2 38 1 40 1 42 1 43 1 49 2
8
21 10 31 5 36 2 38 1 40 1 42 1 43 1 48 2
8
21 10 31 5 36 2 38 1 40 1 42 1 43 1 47 2
7
21 10 31 5 36 2 38 1 40 1 41 1 48 3
7
21 10 31 5 36 2 38 1 40 1 41 1 47 3
8
21 10 31 5 36 2 38 1 40 1 41 1 46 2 50 1
8
21 10 31 5 36 2 38 1 40 1 41 1 46 2 48 1
8
21 10 31 5 36 2 38 1 40 1 41 1 45 2 50 1
8
21 10 31 5 36 2 38 1 40 1 41 1 45 2 48 1
8
21 10 31 5 36 2 38 1 40 1 41 1 45 2 47 1
8
21 10 31 5 36 2 38 1 40 1 41 1 44 1 49 2
8
21 10 31 5 36 2 38 1 40 1 41 1 44 1 48 2
8
21 10 31 5 36 2 38 1 40 1 41 1 44 1 47 2
8
21 10 31 5 36 2 38 1 40 1 41 1 43 1 49 2
8
21 10 31 5 36 2 38 1 40 1 41 1 43 1 48 2
8
21 10 31 5 36 2 38 1 40 1 41 1 43 1 47 2
6
21 10 31 5 36 2 38 1 39 1 47 4
7
21 10 31 5 36 2 38 1 39 1 46 3 50 1
7
21 10 31 5 36 2 38 1 39 1 45 3 50 1
7
21 10 31 5 36 2 38 1 39 1 45 3 48 1
7
21 10 31 5 36 2 38 1 39 1 44 2 49 2
7
21 10 31 5 36 2 38 1 39 1 44 2 48 2
7
21 10 31 5 36 2 38 1 39 1 44 2 47 2
8
21 10 31 5 36 2 38 1 39 1 44 2 46 1 50 1
8
21 10 31 5 36 2 38 1 39 1 44 2 46 1 48 1
8
21 10 31 5 36 2 38 1 39 1 44 2 46 1 47 1
7
21 10 31 5 36 2 38 1 39 1 43 2 49 2
7
21 10 31 5 36 2 38 1 39 1 43 2 48 2
7
21 10 31 5 36 2 38 1 39 1 43 2 47 2
8
21 10 31 5 36 2 38 1 39 1 43 2 46 1 50 1
8
21 10 31 5 36 2 38 1 39 1 43 2 46 1 48 1
8
21 10 31 5 36 2 38 1 39 1 43 2 46 1 47 1
8
21 10 31 5 36 2 38 1 39 1 43 2 45 1 50 1
8
21 10 31 5 36 2 38 1 39 1 43 2 45 1 48 1
8
21 10 31 5 36 2 38 1 39 1 43 2 45 1 47 1
7
21 10 31 5 36 2 38 1 39 1 42 1 48 3
7
21 10 31 5 36 2 38 1 39 1 42 1 47 3
8
21 10 31 5 36 2 38 1 39 1 42 1 46 2 50 1
8
21 10 31 5 36 2 38 1 39 1 42 1 46 2 48 1
8
21 10 31 5 36 2 38 1 39 1 42 1 45 2 50 1
8
21 10 31 5 36 2 38 1 39 1 42 1 45 2 48 1
8
21 10 31 5 36 2 38 1 39 1 42 1 45 2 47 1
8
21 10 31 5 36 2 38 1 39 1 42 1 44 1 49 2
8
21 10 31 5 36 2 38 1 39 1 42 1 44 1 48 2
8
21 10 31 5 36 2 38 1 39 1 42 1 44 1 47 2
8
21 10 31 5 36 2 38 1 39 1 42 1 43 1 49 2
8
21 10 31 5 36 2 38 1 39 1 42 1 43 1 48 2
8
21 10 31 5 36 2 38 1 39 1 42 1 43 1 47 2
7
21 10 31 5 36 2 38 1 39 1 41 1 48 3
7
21 10 31 5 36 2 38 1 39 1 41 1 47 3
8
21 10 31 5 36 2 38 1 39 1 41 1 46 2 50 1
8
21 10 31 5 36 2 38 1 39 1 41 1 46 2 48 1
8
21 10 31 5 36 2 38 1 39 1 41 1 45 2 50 1
8
21 10 31 5 36 2 38 1 39 1 41 1 45 2 48 1
8
21 10 31 5 36 2 38 1 39 1 41 1 45 2 47 1
8
21 10 31 5 36 2 38 1 39 1 41 1 44 1 49 2
8
21 10 31 5 36 2 38 1 39 1 41 1 44 1 48 2
8
21 10 31 5 36 2 38 1 39 1 41 1 44 1 47 2
8
21 10 31 5 36 2 38 1 39 1 41 1 43 1 49 2
8
21 10 31 5 36 2 38 1 39 1 41 1 43 1 48 2
8
21 10 31 5 36 2 38 1 39 1 41 1 43 1 47 2
