received: 42["chat_message","chat_custom_queue_bottest",{"text":"Gapped joined the custom lobby."}]
received: 42["queue_update",{"playerIndices":[0,1],"playerColors":[0,1],"lobbyIndex":1,"isForcing":false,"numPlayers":2,"numForce":[],"teams":[1,2],"usernames":["mybottester","Gapped"],"options":{"map":null,"modifiers":[3]}}]
received: 42["queue_update",{"playerIndices":[0,1],"playerColors":[0,1],"lobbyIndex":1,"isForcing":true,"numPlayers":2,"numForce":[1],"teams":[1,2],"usernames":["mybottester","Gapped"],"options":{"map":null,"modifiers":[3]}}]
received: 42["pre_game_start"]
received: 42["game_start",{"playerIndex":1,"playerColors":[0,1],"replay_id":"2hlf_sOjL","chat_room":"game_17278241009668EkizBKRZcYRABSlAjBe","usernames":["mybottester","Gapped"],"teams":[1,2],"game_type":"custom","swamps":[],"lights":[],"options":{"map":null,"width":null,"height":null,"game_speed":null,"modifiers":[3],"mountain_density":null,"city_density":null,"lookout_density":null,"observatory_density":null,"swamp_density":null,"desert_density":null,"max_players":null,"city_fairness":null,"spawn_fairness":null,"defeat_spectate":null,"spectate_chat":null,"public":null,"chatRecordingDisabled":null,"eventId":null}},null]
received: 42["game_update",{"scores":[{"total":1,"tiles":1,"i":0,"color":0,"dead":false},{"total":1,"tiles":1,"i":1,"color":1,"dead":false}],"turn":1,"stars":[32,37],"attackIndex":0,"generals":[334,129],"map_diff":[0,722,18,20,42,0,0,0,0,0,0,0,47,0,0,0,0,0,0,0,0,0,0,0,0,0,0,0,0,0,0,0,0,0,0,0,0,0,44,0,0,0,0,0,0,0,0,0,0,0,0,0,0,50,0,0,0,0,0,0,0,0,0,0,0,0,0,0,0,0,0,0,0,0,0,0,0,0,0,0,0,0,0,0,0,0,0,0,0,0,0,0,0,0,0,0,0,0,0,0,0,0,0,0,0,0,0,0,0,0,0,0,0,0,0,0,0,0,0,0,0,0,0,0,0,0,0,0,0,0,0,0,0,1,0,0,0,0,0,0,0,0,0,0,0,0,0,0,0,0,0,0,0,0,0,48,0,0,0,0,0,0,0,0,0,0,0,0,0,0,0,0,0,0,0,0,0,0,0,0,0,50,0,0,0,0,0,0,0,0,0,0,0,0,41,0,0,0,0,0,0,0,0,0,0,0,0,0,0,0,0,0,0,0,0,0,0,0,0,0,0,0,0,0,0,0,0,0,0,0,0,0,0,0,0,0,0,0,0,0,0,0,0,0,0,0,0,0,0,0,0,0,0,0,0,0,0,0,0,0,0,0,0,0,0,0,0,0,0,0,0,0,0,0,0,0,0,0,0,0,0,0,0,0,0,0,0,0,0,0,0,0,0,0,0,0,0,0,0,0,0,0,0,0,0,0,0,0,0,0,0,0,0,0,44,0,0,0,47,0,0,0,0,0,0,0,0,0,0,0,0,0,0,0,0,0,0,0,1,0,0,0,0,0,0,0,0,0,44,0,0,44,0,0,0,0,0,0,0,0,0,0,0,0,-1,-1,-2,-1,-1,-1,-1,-1,-1,-1,-2,-1,-1,-1,-1,-1,-1,-1,-1,-1,-1,-1,-1,-1,-1,-1,-1,-1,-1,-1,-1,-1,-1,-1,-1,-1,-1,-2,-1,-1,-1,-2,-2,-2,-1,-2,-1,-1,-1,-1,-1,-1,-1,-1,-1,-1,-1,-2,-1,-1,-1,-1,-2,-1,-1,-1,-1,-1,-1,-1,-1,-2,-2,-1,-1,-1,-1,-1,-1,-1,-2,-1,-1,-2,-2,-1,-1,-2,-1,-1,-1,-2,-2,-1,-2,-2,-1,-2,-1,-1,-1,-1,-1,-1,-1,-1,-1,-1,-1,-2,-1,-1,-1,-1,-1,-1,-2,-1,-1,-1,-2,-1,-1,-1,-2,-2,-2,-2,-1,1,-2,-1,-1,-1,-2,-1,-1,-2,-1,-2,-1,-1,-1,-2,-1,-2,-1,-1,-2,-1,-2,-1,-2,-1,-2,-1,-1,-1,-1,-1,-1,-2,-2,-1,-1,-1,-1,-1,-1,-1,-2,-2,-1,-1,-1,-1,-1,-1,-1,-1,-1,-1,-1,-2,-1,-1,-2,-1,-1,-1,-1,-1,-1,-1,-1,-1,-1,-1,-1,-1,-2,-1,-1,-1,-1,-1,-1,-2,-1,-1,-1,-2,-1,-1,-1,-1,-1,-2,-1,-1,-1,-1,-1,-1,-1,-1,-2,-1,-2,-1,-1,-1,-2,-1,-2,-2,-1,-1,-1,-1,-1,-1,-2,-2,-1,-1,-1,-1,-2,-2,-1,-2,-2,-1,-1,-1,-1,-1,-1,-2,-1,-2,-1,-1,-1,-1,-1,-1,-2,-1,-1,-2,-1,-2,-1,-2,-1,-1,-2,-1,-1,-1,-2,-1,-1,-1,-1,-1,-1,-1,-2,-2,-1,-1,-2,-1,-2,-1,-2,-1,-1,-2,-1,-2,-1,-1,-2,-1,-1,-1,-1,-1,-1,-1,-1,-2,-1,-2,-1,-1,-1,-1,-1,-2,-1,-1,-1,-1,-1,-1,-2,-1,-1,-1,0,-1,-1,-2,-1,-1,-1,-1,-1,-2,-1,-1,-1,-1,-2,-1,-1,-2,-2,-2,-1,-1,-1,-1,-1,-1],"cities_diff":[0,11,190,344,34,314,310,151,347,0,8,177,49],"deserts_diff":[0,0]},null]
received: 42["chat_message","game_17278241009668EkizBKRZcYRABSlAjBe",{"text":" Chat is being recorded."}]
received: 42["chat_message","game_17278241009668EkizBKRZcYRABSlAjBe",{"text":"1 modifier is enabled:  Crystal Clear"}]
received: 42["game_update",{"scores":[{"total":2,"tiles":1,"i":0,"color":0,"dead":false},{"total":2,"tiles":1,"i":1,"color":1,"dead":false}],"turn":2,"attackIndex":0,"generals":[334,129],"map_diff":[131,1,2,204,1,2,385],"cities_diff":[11],"deserts_diff":[0]},null]
received: 42["game_update",{"scores":[{"total":2,"tiles":1,"i":0,"color":0,"dead":false},{"total":2,"tiles":1,"i":1,"color":1,"dead":false}],"turn":3,"attackIndex":0,"generals":[334,129],"map_diff":[722],"cities_diff":[11],"deserts_diff":[0]},null]
received: 42["game_update",{"scores":[{"total":3,"tiles":1,"i":0,"color":0,"dead":false},{"total":3,"tiles":1,"i":1,"color":1,"dead":false}],"turn":4,"attackIndex":0,"generals":[334,129],"map_diff":[131,1,3,204,1,3,385],"cities_diff":[11],"deserts_diff":[0]},null]
received: 42["game_update",{"scores":[{"total":3,"tiles":1,"i":0,"color":0,"dead":false},{"total":3,"tiles":1,"i":1,"color":1,"dead":false}],"turn":5,"attackIndex":0,"generals":[334,129],"map_diff":[722],"cities_diff":[11],"deserts_diff":[0]},null]
received: 42["game_update",{"scores":[{"total":4,"tiles":1,"i":0,"color":0,"dead":false},{"total":4,"tiles":1,"i":1,"color":1,"dead":false}],"turn":6,"attackIndex":0,"generals":[334,129],"map_diff":[131,1,4,204,1,4,385],"cities_diff":[11],"deserts_diff":[0]},null]
received: 42["game_update",{"scores":[{"total":4,"tiles":1,"i":0,"color":0,"dead":false},{"total":4,"tiles":1,"i":1,"color":1,"dead":false}],"turn":7,"attackIndex":0,"generals":[334,129],"map_diff":[722],"cities_diff":[11],"deserts_diff":[0]},null]
received: 42["game_update",{"scores":[{"total":5,"tiles":1,"i":0,"color":0,"dead":false},{"total":5,"tiles":1,"i":1,"color":1,"dead":false}],"turn":8,"attackIndex":0,"generals":[334,129],"map_diff":[131,1,5,204,1,5,385],"cities_diff":[11],"deserts_diff":[0]},null]
received: 42["game_update",{"scores":[{"total":5,"tiles":1,"i":0,"color":0,"dead":false},{"total":5,"tiles":1,"i":1,"color":1,"dead":false}],"turn":9,"attackIndex":0,"generals":[334,129],"map_diff":[722],"cities_diff":[11],"deserts_diff":[0]},null]
received: 42["game_update",{"scores":[{"total":6,"tiles":1,"i":0,"color":0,"dead":false},{"total":6,"tiles":1,"i":1,"color":1,"dead":false}],"turn":10,"attackIndex":0,"generals":[334,129],"map_diff":[131,1,6,204,1,6,385],"cities_diff":[11],"deserts_diff":[0]},null]
received: 42["game_update",{"scores":[{"total":6,"tiles":1,"i":0,"color":0,"dead":false},{"total":6,"tiles":1,"i":1,"color":1,"dead":false}],"turn":11,"attackIndex":0,"generals":[334,129],"map_diff":[722],"cities_diff":[11],"deserts_diff":[0]},null]
received: 42["game_update",{"scores":[{"total":7,"tiles":1,"i":0,"color":0,"dead":false},{"total":7,"tiles":1,"i":1,"color":1,"dead":false}],"turn":12,"attackIndex":0,"generals":[334,129],"map_diff":[131,1,7,204,1,7,385],"cities_diff":[11],"deserts_diff":[0]},null]
received: 42["game_update",{"scores":[{"total":7,"tiles":1,"i":0,"color":0,"dead":false},{"total":7,"tiles":1,"i":1,"color":1,"dead":false}],"turn":13,"attackIndex":0,"generals":[334,129],"map_diff":[722],"cities_diff":[11],"deserts_diff":[0]},null]
received: 42["game_update",{"scores":[{"total":8,"tiles":1,"i":0,"color":0,"dead":false},{"total":8,"tiles":1,"i":1,"color":1,"dead":false}],"turn":14,"attackIndex":0,"generals":[334,129],"map_diff":[131,1,8,204,1,8,385],"cities_diff":[11],"deserts_diff":[0]},null]
received: 42["game_update",{"scores":[{"total":8,"tiles":1,"i":0,"color":0,"dead":false},{"total":8,"tiles":1,"i":1,"color":1,"dead":false}],"turn":15,"attackIndex":0,"generals":[334,129],"map_diff":[722],"cities_diff":[11],"deserts_diff":[0]},null]
received: 42["game_update",{"scores":[{"total":9,"tiles":1,"i":0,"color":0,"dead":false},{"total":9,"tiles":1,"i":1,"color":1,"dead":false}],"turn":16,"attackIndex":0,"generals":[334,129],"map_diff":[131,1,9,204,1,9,385],"cities_diff":[11],"deserts_diff":[0]},null]
received: 42["game_update",{"scores":[{"total":9,"tiles":1,"i":0,"color":0,"dead":false},{"total":9,"tiles":1,"i":1,"color":1,"dead":false}],"turn":17,"attackIndex":0,"generals":[334,129],"map_diff":[722],"cities_diff":[11],"deserts_diff":[0]},null]
received: 42["game_update",{"scores":[{"total":10,"tiles":1,"i":0,"color":0,"dead":false},{"total":10,"tiles":1,"i":1,"color":1,"dead":false}],"turn":18,"attackIndex":0,"generals":[334,129],"map_diff":[131,1,10,204,1,10,385],"cities_diff":[11],"deserts_diff":[0]},null]
received: 42["game_update",{"scores":[{"total":10,"tiles":1,"i":0,"color":0,"dead":false},{"total":10,"tiles":1,"i":1,"color":1,"dead":false}],"turn":19,"attackIndex":0,"generals":[334,129],"map_diff":[722],"cities_diff":[11],"deserts_diff":[0]},null]
received: 42["game_update",{"scores":[{"total":11,"tiles":1,"i":0,"color":0,"dead":false},{"total":11,"tiles":1,"i":1,"color":1,"dead":false}],"turn":20,"attackIndex":0,"generals":[334,129],"map_diff":[131,1,11,204,1,11,385],"cities_diff":[11],"deserts_diff":[0]},null]
received: 42["game_update",{"scores":[{"total":11,"tiles":1,"i":0,"color":0,"dead":false},{"total":11,"tiles":1,"i":1,"color":1,"dead":false}],"turn":21,"attackIndex":0,"generals":[334,129],"map_diff":[722],"cities_diff":[11],"deserts_diff":[0]},null]
received: 42["game_update",{"scores":[{"total":12,"tiles":1,"i":0,"color":0,"dead":false},{"total":12,"tiles":1,"i":1,"color":1,"dead":false}],"turn":22,"attackIndex":0,"generals":[334,129],"map_diff":[131,1,12,204,1,12,385],"cities_diff":[11],"deserts_diff":[0]},null]
received: 42["game_update",{"scores":[{"total":12,"tiles":1,"i":0,"color":0,"dead":false},{"total":12,"tiles":1,"i":1,"color":1,"dead":false}],"turn":23,"attackIndex":0,"generals":[334,129],"map_diff":[722],"cities_diff":[11],"deserts_diff":[0]},null]
received: 42["game_update",{"scores":[{"total":13,"tiles":1,"i":0,"color":0,"dead":false},{"total":13,"tiles":1,"i":1,"color":1,"dead":false}],"turn":24,"attackIndex":0,"generals":[334,129],"map_diff":[131,1,13,204,1,13,385],"cities_diff":[11],"deserts_diff":[0]},null]
received: 42["game_update",{"scores":[{"total":13,"tiles":2,"i":1,"color":1,"dead":false},{"total":13,"tiles":1,"i":0,"color":0,"dead":false}],"turn":25,"attackIndex":28,"generals":[334,129],"map_diff":[113,1,12,17,1,1,341,1,1,248],"cities_diff":[11],"deserts_diff":[0]},null]
received: 42["game_update",{"scores":[{"total":14,"tiles":3,"i":1,"color":1,"dead":false},{"total":14,"tiles":1,"i":0,"color":0,"dead":false}],"turn":26,"attackIndex":30,"generals":[334,129],"map_diff":[95,1,11,17,1,1,17,1,2,204,1,14,118,1,1,266],"cities_diff":[11],"deserts_diff":[0]},null]
received: 42["game_update",{"scores":[{"total":14,"tiles":4,"i":1,"color":1,"dead":false},{"total":14,"tiles":1,"i":0,"color":0,"dead":false}],"turn":27,"attackIndex":32,"generals":[334,129],"map_diff":[77,1,10,17,1,1,341,1,1,284],"cities_diff":[11],"deserts_diff":[0]},null]
received: 42["game_update",{"scores":[{"total":15,"tiles":5,"i":1,"color":1,"dead":false},{"total":15,"tiles":1,"i":0,"color":0,"dead":false}],"turn":28,"attackIndex":34,"generals":[334,129],"map_diff":[76,2,9,1,53,1,3,204,1,15,99,1,1,285],"cities_diff":[11],"deserts_diff":[0]},null]
received: 42["game_update",{"scores":[{"total":15,"tiles":6,"i":1,"color":1,"dead":false},{"total":15,"tiles":1,"i":0,"color":0,"dead":false}],"turn":29,"attackIndex":36,"generals":[334,129],"map_diff":[58,1,8,17,1,1,341,1,1,303],"cities_diff":[11],"deserts_diff":[0]},null]
received: 42["game_update",{"scores":[{"total":16,"tiles":7,"i":1,"color":1,"dead":false},{"total":16,"tiles":1,"i":0,"color":0,"dead":false}],"turn":30,"attackIndex":38,"generals":[334,129],"map_diff":[40,1,7,17,1,1,72,1,4,204,1,16,63,1,1,321],"cities_diff":[11],"deserts_diff":[0]},null]
received: 42["game_update",{"scores":[{"total":16,"tiles":8,"i":1,"color":1,"dead":false},{"total":16,"tiles":1,"i":0,"color":0,"dead":false}],"turn":31,"attackIndex":40,"generals":[334,129],"map_diff":[22,1,6,17,1,1,341,1,1,339],"cities_diff":[11],"deserts_diff":[0]},null]
received: 42["game_update",{"scores":[{"total":17,"tiles":9,"i":1,"color":1,"dead":false},{"total":17,"tiles":1,"i":0,"color":0,"dead":false}],"turn":32,"attackIndex":42,"generals":[334,129],"map_diff":[21,2,5,1,108,1,5,204,1,17,44,1,1,340],"cities_diff":[11],"deserts_diff":[0]},null]
received: 42["game_update",{"scores":[{"total":17,"tiles":10,"i":1,"color":1,"dead":false},{"total":17,"tiles":1,"i":0,"color":0,"dead":false}],"turn":33,"attackIndex":44,"generals":[334,129],"map_diff":[20,2,4,1,358,1,1,341],"cities_diff":[11],"deserts_diff":[0]},null]
received: 42["game_update",{"scores":[{"total":18,"tiles":11,"i":1,"color":1,"dead":false},{"total":18,"tiles":1,"i":0,"color":0,"dead":false}],"turn":34,"attackIndex":46,"generals":[334,129],"map_diff":[20,1,1,17,1,3,92,1,6,204,1,18,61,1,1,323],"cities_diff":[11],"deserts_diff":[0]},null]
received: 42["game_update",{"scores":[{"total":18,"tiles":12,"i":1,"color":1,"dead":false},{"total":18,"tiles":1,"i":0,"color":0,"dead":false}],"turn":35,"attackIndex":48,"generals":[334,129],"map_diff":[38,1,1,17,1,2,359,1,1,305],"cities_diff":[11],"deserts_diff":[0]},null]
received: 42["game_update",{"scores":[{"total":19,"tiles":13,"i":1,"color":1,"dead":false},{"total":19,"tiles":1,"i":0,"color":0,"dead":false}],"turn":36,"attackIndex":50,"generals":[334,129],"map_diff":[56,2,1,1,73,1,7,204,1,19,80,1,1,304],"cities_diff":[11],"deserts_diff":[0]},null]
received: 42["game_update",{"scores":[{"total":19,"tiles":13,"i":1,"color":1,"dead":false},{"total":19,"tiles":1,"i":0,"color":0,"dead":false}],"turn":37,"attackIndex":52,"generals":[334,129],"map_diff":[113,1,7,17,1,1,590],"cities_diff":[11],"deserts_diff":[0]},null]
received: 42["game_update",{"scores":[{"total":20,"tiles":14,"i":1,"color":1,"dead":false},{"total":20,"tiles":1,"i":0,"color":0,"dead":false}],"turn":38,"attackIndex":54,"generals":[334,129],"map_diff":[113,2,1,6,16,1,2,204,1,20,137,1,1,247],"cities_diff":[11],"deserts_diff":[0]},null]
received: 42["game_update",{"scores":[{"total":20,"tiles":15,"i":1,"color":1,"dead":false},{"total":20,"tiles":1,"i":0,"color":0,"dead":false}],"turn":39,"attackIndex":56,"generals":[334,129],"map_diff":[114,2,1,5,359,1,1,246],"cities_diff":[11],"deserts_diff":[0]},null]
received: 42["game_update",{"scores":[{"total":21,"tiles":16,"i":1,"color":1,"dead":false},{"total":21,"tiles":1,"i":0,"color":0,"dead":false}],"turn":40,"attackIndex":58,"generals":[334,129],"map_diff":[115,2,1,4,14,1,3,204,1,21,139,1,1,245],"cities_diff":[11],"deserts_diff":[0]},null]
received: 42["game_update",{"scores":[{"total":21,"tiles":17,"i":1,"color":1,"dead":false},{"total":21,"tiles":1,"i":0,"color":0,"dead":false}],"turn":41,"attackIndex":60,"generals":[334,129],"map_diff":[98,1,3,17,1,1,341,1,1,263],"cities_diff":[11],"deserts_diff":[0]},null]
received: 42["game_update",{"scores":[{"total":22,"tiles":18,"i":1,"color":1,"dead":false},{"total":22,"tiles":1,"i":0,"color":0,"dead":false}],"turn":42,"attackIndex":62,"generals":[334,129],"map_diff":[80,1,2,17,1,1,32,1,4,204,1,22,103,1,1,281],"cities_diff":[11],"deserts_diff":[0]},null]
received: 42["game_update",{"scores":[{"total":22,"tiles":19,"i":1,"color":1,"dead":false},{"total":22,"tiles":1,"i":0,"color":0,"dead":false}],"turn":43,"attackIndex":64,"generals":[334,129],"map_diff":[62,1,1,17,1,1,341,1,1,299],"cities_diff":[11],"deserts_diff":[0]},null]
received: 42["game_update",{"scores":[{"total":23,"tiles":20,"i":1,"color":1,"dead":false},{"total":23,"tiles":1,"i":0,"color":0,"dead":false}],"turn":44,"attackIndex":66,"generals":[334,129],"map_diff":[131,1,2,17,1,3,186,1,23,172,1,1,212],"cities_diff":[11],"deserts_diff":[0]},null]
received: 42["game_update",{"scores":[{"total":23,"tiles":21,"i":1,"color":1,"dead":false},{"total":23,"tiles":1,"i":0,"color":0,"dead":false}],"turn":45,"attackIndex":68,"generals":[334,129],"map_diff":[149,1,1,17,1,2,359,1,1,194],"cities_diff":[11],"deserts_diff":[0]},null]
received: 42["game_update",{"scores":[{"total":24,"tiles":22,"i":1,"color":1,"dead":false},{"total":24,"tiles":1,"i":0,"color":0,"dead":false}],"turn":46,"attackIndex":70,"generals":[334,129],"map_diff":[131,1,3,35,2,1,1,167,1,24,191,1,1,193],"cities_diff":[11],"deserts_diff":[0]},null]
received: 42["game_update",{"scores":[{"total":24,"tiles":23,"i":1,"color":1,"dead":false},{"total":24,"tiles":1,"i":0,"color":0,"dead":false}],"turn":47,"attackIndex":72,"generals":[334,129],"map_diff":[130,2,2,1,358,1,1,231],"cities_diff":[11],"deserts_diff":[0]},null]
received: 42["game_update",{"scores":[{"total":25,"tiles":24,"i":1,"color":1,"dead":false},{"total":25,"tiles":1,"i":0,"color":0,"dead":false}],"turn":48,"attackIndex":74,"generals":[334,129],"map_diff":[112,1,1,17,2,1,2,204,1,25,135,1,1,249],"cities_diff":[11],"deserts_diff":[0]},null]
received: 42["game_update",{"scores":[{"total":25,"tiles":24,"i":1,"color":1,"dead":false},{"total":25,"tiles":1,"i":0,"color":0,"dead":false}],"turn":49,"attackIndex":76,"generals":[334,129],"map_diff":[130,2,2,1,590],"cities_diff":[11],"deserts_diff":[0]},null]
received: 42["game_update",{"scores":[{"total":51,"tiles":25,"i":1,"color":1,"dead":false},{"total":27,"tiles":1,"i":0,"color":0,"dead":false}],"turn":50,"attackIndex":78,"generals":[334,129],"map_diff":[20,3,2,2,2,15,1,2,1,1,2,15,3,2,2,2,3,1,2,13,2,2,2,2,1,2,14,1,2,2,1,2,13,5,2,2,2,2,2,14,1,3,16,2,2,2,17,2,2,2,167,1,27,171,1,1,213],"cities_diff":[11],"deserts_diff":[0]},null]
received: 42["game_update",{"scores":[{"total":51,"tiles":25,"i":1,"color":1,"dead":false},{"total":27,"tiles":1,"i":0,"color":0,"dead":false}],"turn":51,"attackIndex":80,"generals":[334,129],"map_diff":[62,1,1,17,1,3,641],"cities_diff":[11],"deserts_diff":[0]},null]
received: 42["game_update",{"scores":[{"total":52,"tiles":25,"i":1,"color":1,"dead":false},{"total":28,"tiles":1,"i":0,"color":0,"dead":false}],"turn":52,"attackIndex":82,"generals":[334,129],"map_diff":[57,2,1,3,72,1,4,204,1,28,385],"cities_diff":[11],"deserts_diff":[0]},null]
received: 42["game_update",{"scores":[{"total":52,"tiles":25,"i":1,"color":1,"dead":false},{"total":28,"tiles":1,"i":0,"color":0,"dead":false}],"turn":53,"attackIndex":84,"generals":[334,129],"map_diff":[38,1,3,17,1,1,665],"cities_diff":[11],"deserts_diff":[0]},null]
received: 42["game_update",{"scores":[{"total":53,"tiles":25,"i":1,"color":1,"dead":false},{"total":29,"tiles":1,"i":0,"color":0,"dead":false}],"turn":54,"attackIndex":86,"generals":[334,129],"map_diff":[112,2,1,3,17,1,5,204,1,29,385],"cities_diff":[11],"deserts_diff":[0]},null]
received: 42["game_update",{"scores":[{"total":53,"tiles":25,"i":1,"color":1,"dead":false},{"total":29,"tiles":1,"i":0,"color":0,"dead":false}],"turn":55,"attackIndex":88,"generals":[334,129],"map_diff":[167,2,3,1,553],"cities_diff":[11],"deserts_diff":[0]},null]
received: 42["game_update",{"scores":[{"total":54,"tiles":25,"i":1,"color":1,"dead":false},{"total":30,"tiles":1,"i":0,"color":0,"dead":false}],"turn":56,"attackIndex":90,"generals":[334,129],"map_diff":[131,1,6,17,1,4,17,1,1,168,1,30,385],"cities_diff":[11],"deserts_diff":[0]},null]
received: 42["game_update",{"scores":[{"total":54,"tiles":25,"i":1,"color":1,"dead":false},{"total":30,"tiles":1,"i":0,"color":0,"dead":false}],"turn":57,"attackIndex":92,"generals":[334,129],"map_diff":[20,1,4,17,1,1,683],"cities_diff":[11],"deserts_diff":[0]},null]
received: 42["game_update",{"scores":[{"total":55,"tiles":25,"i":1,"color":1,"dead":false},{"total":31,"tiles":1,"i":0,"color":0,"dead":false}],"turn":58,"attackIndex":94,"generals":[334,129],"map_diff":[131,1,10,17,1,1,186,1,31,385],"cities_diff":[11],"deserts_diff":[0]},null]
received: 42["game_update",{"scores":[{"total":55,"tiles":25,"i":1,"color":1,"dead":false},{"total":31,"tiles":1,"i":0,"color":0,"dead":false}],"turn":59,"attackIndex":96,"generals":[334,129],"map_diff":[130,1,3,17,1,1,573],"cities_diff":[11],"deserts_diff":[0]},null]
received: 42["game_update",{"scores":[{"total":56,"tiles":25,"i":1,"color":1,"dead":false},{"total":32,"tiles":1,"i":0,"color":0,"dead":false}],"turn":60,"attackIndex":98,"generals":[334,129],"map_diff":[20,2,1,5,109,1,11,204,1,32,385],"cities_diff":[11],"deserts_diff":[0]},null]
received: 42["game_update",{"scores":[{"total":56,"tiles":25,"i":1,"color":1,"dead":false},{"total":32,"tiles":1,"i":0,"color":0,"dead":false}],"turn":61,"attackIndex":100,"generals":[334,129],"map_diff":[21,2,1,6,699],"cities_diff":[11],"deserts_diff":[0]},null]
received: 42["game_update",{"scores":[{"total":57,"tiles":25,"i":1,"color":1,"dead":false},{"total":33,"tiles":1,"i":0,"color":0,"dead":false}],"turn":62,"attackIndex":102,"generals":[334,129],"map_diff":[80,1,1,17,1,4,32,1,12,204,1,33,385],"cities_diff":[11],"deserts_diff":[0]},null]
received: 42["game_update",{"scores":[{"total":57,"tiles":25,"i":1,"color":1,"dead":false},{"total":33,"tiles":1,"i":0,"color":0,"dead":false}],"turn":63,"attackIndex":104,"generals":[334,129],"map_diff":[98,1,1,17,1,5,605],"cities_diff":[11],"deserts_diff":[0]},null]
received: 42["game_update",{"scores":[{"total":58,"tiles":25,"i":1,"color":1,"dead":false},{"total":34,"tiles":1,"i":0,"color":0,"dead":false}],"turn":64,"attackIndex":106,"generals":[334,129],"map_diff":[115,2,6,1,14,1,13,204,1,34,385],"cities_diff":[11],"deserts_diff":[0]},null]
received: 42["game_update",{"scores":[{"total":58,"tiles":25,"i":1,"color":1,"dead":false},{"total":34,"tiles":1,"i":0,"color":0,"dead":false}],"turn":65,"attackIndex":108,"generals":[334,129],"map_diff":[114,2,7,1,606],"cities_diff":[11],"deserts_diff":[0]},null]
received: 42["game_update",{"scores":[{"total":59,"tiles":25,"i":1,"color":1,"dead":false},{"total":35,"tiles":1,"i":0,"color":0,"dead":false}],"turn":66,"attackIndex":110,"generals":[334,129],"map_diff":[113,2,9,1,16,1,14,204,1,35,385],"cities_diff":[11],"deserts_diff":[0]},null]
received: 42["game_update",{"scores":[{"total":59,"tiles":25,"i":1,"color":1,"dead":false},{"total":35,"tiles":1,"i":0,"color":0,"dead":false}],"turn":67,"attackIndex":112,"generals":[334,129],"map_diff":[130,2,1,16,590],"cities_diff":[11],"deserts_diff":[0]},null]
received: 42["game_update",{"scores":[{"total":60,"tiles":25,"i":1,"color":1,"dead":false},{"total":36,"tiles":1,"i":0,"color":0,"dead":false}],"turn":68,"attackIndex":114,"generals":[334,129],"map_diff":[113,1,24,17,1,2,204,1,36,385],"cities_diff":[11],"deserts_diff":[0]},null]
received: 42["game_update",{"scores":[{"total":60,"tiles":25,"i":1,"color":1,"dead":false},{"total":36,"tiles":1,"i":0,"color":0,"dead":false}],"turn":69,"attackIndex":116,"generals":[334,129],"map_diff":[95,1,25,17,1,1,608],"cities_diff":[11],"deserts_diff":[0]},null]
received: 42["game_update",{"scores":[{"total":61,"tiles":25,"i":1,"color":1,"dead":false},{"total":37,"tiles":1,"i":0,"color":0,"dead":false}],"turn":70,"attackIndex":118,"generals":[334,129],"map_diff":[77,1,26,17,1,1,35,1,3,204,1,37,385],"cities_diff":[11],"deserts_diff":[0]},null]
received: 42["game_update",{"scores":[{"total":61,"tiles":25,"i":1,"color":1,"dead":false},{"total":37,"tiles":1,"i":0,"color":0,"dead":false}],"turn":71,"attackIndex":120,"generals":[334,129],"map_diff":[76,2,27,1,644],"cities_diff":[11],"deserts_diff":[0]},null]
received: 42["game_update",{"scores":[{"total":62,"tiles":25,"i":1,"color":1,"dead":false},{"total":38,"tiles":1,"i":0,"color":0,"dead":false}],"turn":72,"attackIndex":122,"generals":[334,129],"map_diff":[58,1,29,17,1,1,54,1,4,204,1,38,385],"cities_diff":[11],"deserts_diff":[0]},null]
received: 42["game_update",{"scores":[{"total":62,"tiles":25,"i":1,"color":1,"dead":false},{"total":38,"tiles":1,"i":0,"color":0,"dead":false}],"turn":73,"attackIndex":124,"generals":[334,129],"map_diff":[40,1,30,17,1,1,663],"cities_diff":[11],"deserts_diff":[0]},null]
received: 42["game_update",{"scores":[{"total":63,"tiles":25,"i":1,"color":1,"dead":false},{"total":39,"tiles":1,"i":0,"color":0,"dead":false}],"turn":74,"attackIndex":126,"generals":[334,129],"map_diff":[22,1,35,17,1,1,90,1,5,204,1,39,385],"cities_diff":[11],"deserts_diff":[0]},null]
received: 42["game_update",{"scores":[{"total":63,"tiles":26,"i":1,"color":1,"dead":false},{"total":39,"tiles":1,"i":0,"color":0,"dead":false}],"turn":75,"attackIndex":128,"generals":[334,129],"map_diff":[22,2,1,34,359,1,1,338],"cities_diff":[11],"deserts_diff":[0]},null]
received: 42["game_update",{"scores":[{"total":64,"tiles":27,"i":1,"color":1,"dead":false},{"total":40,"tiles":1,"i":0,"color":0,"dead":false}],"turn":76,"attackIndex":130,"generals":[334,129],"map_diff":[5,1,33,17,1,1,107,1,6,204,1,40,28,1,1,356],"cities_diff":[11],"deserts_diff":[0]},null]
received: 42["game_update",{"scores":[{"total":64,"tiles":28,"i":1,"color":1,"dead":false},{"total":40,"tiles":1,"i":0,"color":0,"dead":false}],"turn":77,"attackIndex":132,"generals":[334,129],"map_diff":[5,2,1,32,359,1,1,355],"cities_diff":[11],"deserts_diff":[0]},null]
received: 42["game_update",{"scores":[{"total":65,"tiles":29,"i":1,"color":1,"dead":false},{"total":41,"tiles":1,"i":0,"color":0,"dead":false}],"turn":78,"attackIndex":134,"generals":[334,129],"map_diff":[6,1,1,17,1,31,106,1,7,204,1,41,47,1,1,337],"cities_diff":[11],"deserts_diff":[0]},null]
received: 42["game_update",{"scores":[{"total":65,"tiles":30,"i":1,"color":1,"dead":false},{"total":41,"tiles":1,"i":0,"color":0,"dead":false}],"turn":79,"attackIndex":136,"generals":[334,129],"map_diff":[24,2,1,30,359,1,1,336],"cities_diff":[11],"deserts_diff":[0]},null]
received: 42["game_update",{"scores":[{"total":66,"tiles":31,"i":1,"color":1,"dead":false},{"total":42,"tiles":1,"i":0,"color":0,"dead":false}],"turn":80,"attackIndex":138,"generals":[334,129],"map_diff":[25,2,1,29,104,1,8,204,1,42,49,1,1,335],"cities_diff":[11],"deserts_diff":[0]},null]
received: 42["game_update",{"scores":[{"total":66,"tiles":32,"i":1,"color":1,"dead":false},{"total":42,"tiles":1,"i":0,"color":0,"dead":false}],"turn":81,"attackIndex":140,"generals":[334,129],"map_diff":[26,2,1,28,359,1,1,334],"cities_diff":[11],"deserts_diff":[0]},null]
received: 42["game_update",{"scores":[{"total":67,"tiles":33,"i":1,"color":1,"dead":false},{"total":43,"tiles":1,"i":0,"color":0,"dead":false}],"turn":82,"attackIndex":142,"generals":[334,129],"map_diff":[27,2,1,27,102,1,9,204,1,43,51,1,1,333],"cities_diff":[11],"deserts_diff":[0]},null]
received: 42["game_update",{"scores":[{"total":67,"tiles":34,"i":1,"color":1,"dead":false},{"total":43,"tiles":1,"i":0,"color":0,"dead":false}],"turn":83,"attackIndex":144,"generals":[334,129],"map_diff":[28,2,1,26,359,1,1,332],"cities_diff":[11],"deserts_diff":[0]},null]
received: 42["game_update",{"scores":[{"total":68,"tiles":35,"i":1,"color":1,"dead":false},{"total":44,"tiles":1,"i":0,"color":0,"dead":false}],"turn":84,"attackIndex":146,"generals":[334,129],"map_diff":[29,2,1,25,100,1,10,204,1,44,53,1,1,331],"cities_diff":[11],"deserts_diff":[0]},null]
received: 42["game_update",{"scores":[{"total":68,"tiles":35,"i":1,"color":1,"dead":false},{"total":44,"tiles":1,"i":0,"color":0,"dead":false}],"turn":85,"attackIndex":146,"generals":[334,129],"map_diff":[722],"cities_diff":[11],"deserts_diff":[0]},null]
received: 42["game_update",{"scores":[{"total":69,"tiles":35,"i":1,"color":1,"dead":false},{"total":45,"tiles":1,"i":0,"color":0,"dead":false}],"turn":86,"attackIndex":146,"generals":[334,129],"map_diff":[131,1,11,204,1,45,385],"cities_diff":[11],"deserts_diff":[0]},null]
received: 42["game_update",{"scores":[{"total":69,"tiles":35,"i":1,"color":1,"dead":false},{"total":45,"tiles":1,"i":0,"color":0,"dead":false}],"turn":87,"attackIndex":146,"generals":[334,129],"map_diff":[722],"cities_diff":[11],"deserts_diff":[0]},null]
received: 42["game_update",{"scores":[{"total":70,"tiles":35,"i":1,"color":1,"dead":false},{"total":46,"tiles":1,"i":0,"color":0,"dead":false}],"turn":88,"attackIndex":146,"generals":[334,129],"map_diff":[131,1,12,204,1,46,385],"cities_diff":[11],"deserts_diff":[0]},null]
received: 42["game_update",{"scores":[{"total":70,"tiles":35,"i":1,"color":1,"dead":false},{"total":46,"tiles":1,"i":0,"color":0,"dead":false}],"turn":89,"attackIndex":146,"generals":[334,129],"map_diff":[722],"cities_diff":[11],"deserts_diff":[0]},null]
received: 42["game_update",{"scores":[{"total":71,"tiles":35,"i":1,"color":1,"dead":false},{"total":47,"tiles":1,"i":0,"color":0,"dead":false}],"turn":90,"attackIndex":146,"generals":[334,129],"map_diff":[131,1,13,204,1,47,385],"cities_diff":[11],"deserts_diff":[0]},null]
received: 42["game_update",{"scores":[{"total":71,"tiles":35,"i":1,"color":1,"dead":false},{"total":47,"tiles":1,"i":0,"color":0,"dead":false}],"turn":91,"attackIndex":146,"generals":[334,129],"map_diff":[722],"cities_diff":[11],"deserts_diff":[0]},null]
received: 42["game_update",{"scores":[{"total":72,"tiles":35,"i":1,"color":1,"dead":false},{"total":48,"tiles":1,"i":0,"color":0,"dead":false}],"turn":92,"attackIndex":146,"generals":[334,129],"map_diff":[131,1,14,204,1,48,385],"cities_diff":[11],"deserts_diff":[0]},null]
received: 42["game_update",{"scores":[{"total":72,"tiles":35,"i":1,"color":1,"dead":false},{"total":48,"tiles":1,"i":0,"color":0,"dead":false}],"turn":93,"attackIndex":146,"generals":[334,129],"map_diff":[722],"cities_diff":[11],"deserts_diff":[0]},null]
received: 42["game_update",{"scores":[{"total":73,"tiles":35,"i":1,"color":1,"dead":false},{"total":49,"tiles":1,"i":0,"color":0,"dead":false}],"turn":94,"attackIndex":146,"generals":[334,129],"map_diff":[131,1,15,204,1,49,385],"cities_diff":[11],"deserts_diff":[0]},null]
received: 42["game_update",{"scores":[{"total":73,"tiles":35,"i":1,"color":1,"dead":false},{"total":49,"tiles":1,"i":0,"color":0,"dead":false}],"turn":95,"attackIndex":146,"generals":[334,129],"map_diff":[722],"cities_diff":[11],"deserts_diff":[0]},null]
received: 42["game_update",{"scores":[{"total":74,"tiles":35,"i":1,"color":1,"dead":false},{"total":50,"tiles":1,"i":0,"color":0,"dead":false}],"turn":96,"attackIndex":146,"generals":[334,129],"map_diff":[131,1,16,204,1,50,385],"cities_diff":[11],"deserts_diff":[0]},null]
received: 42["game_update",{"scores":[{"total":74,"tiles":35,"i":1,"color":1,"dead":false},{"total":50,"tiles":1,"i":0,"color":0,"dead":false}],"turn":97,"attackIndex":146,"generals":[334,129],"map_diff":[722],"cities_diff":[11],"deserts_diff":[0]},null]
received: 42["game_update",{"scores":[{"total":75,"tiles":35,"i":1,"color":1,"dead":false},{"total":51,"tiles":1,"i":0,"color":0,"dead":false}],"turn":98,"attackIndex":146,"generals":[334,129],"map_diff":[131,1,17,204,1,51,385],"cities_diff":[11],"deserts_diff":[0]},null]
received: 42["game_update",{"scores":[{"total":75,"tiles":35,"i":1,"color":1,"dead":false},{"total":51,"tiles":1,"i":0,"color":0,"dead":false}],"turn":99,"attackIndex":146,"generals":[334,129],"map_diff":[722],"cities_diff":[11],"deserts_diff":[0]},null]
received: 42["game_update",{"scores":[{"total":111,"tiles":35,"i":1,"color":1,"dead":false},{"total":53,"tiles":1,"i":0,"color":0,"dead":false}],"turn":100,"attackIndex":146,"generals":[334,129],"map_diff":[5,2,2,2,13,11,2,2,2,2,2,2,2,2,2,2,26,7,1,2,1,1,2,15,3,2,2,2,3,1,2,13,2,2,2,2,1,2,14,1,2,2,1,2,13,5,2,2,2,2,2,13,2,2,19,16,2,2,2,17,2,2,2,167,1,53,385],"cities_diff":[11],"deserts_diff":[0]},null]
received: 42["game_update",{"scores":[{"total":111,"tiles":35,"i":1,"color":1,"dead":false},{"total":53,"tiles":1,"i":0,"color":0,"dead":false}],"turn":101,"attackIndex":146,"generals":[334,129],"map_diff":[722],"cities_diff":[11],"deserts_diff":[0]},null]
received: 42["game_update",{"scores":[{"total":112,"tiles":35,"i":1,"color":1,"dead":false},{"total":54,"tiles":1,"i":0,"color":0,"dead":false}],"turn":102,"attackIndex":146,"generals":[334,129],"map_diff":[131,1,20,204,1,54,385],"cities_diff":[11],"deserts_diff":[0]},null]
received: 42["game_update",{"scores":[{"total":112,"tiles":35,"i":1,"color":1,"dead":false},{"total":54,"tiles":1,"i":0,"color":0,"dead":false}],"turn":103,"attackIndex":146,"generals":[334,129],"map_diff":[722],"cities_diff":[11],"deserts_diff":[0]},null]
received: 42["chat_message","game_17278241009668EkizBKRZcYRABSlAjBe",{"text":"mybottester surrendered.","playerColor":0,"turn":103}]
received: 42["game_update",{"scores":[{"total":113,"tiles":35,"i":1,"color":1,"dead":false},{"total":55,"tiles":1,"i":0,"color":0,"dead":true}],"turn":104,"attackIndex":146,"generals":[334,129],"map_diff":[131,1,21,204,1,55,385],"cities_diff":[11],"deserts_diff":[0]},null]
received: 42["game_won",null,null]
received: 42["chat_message","game_17278241009668EkizBKRZcYRABSlAjBe",{"text":"Gapped wins!","playerColor":1,"multiText":null,"multiColors":null,"turn":104}]
received: 42["game_over",null,null]
received: 42["chat_message","chat_custom_queue_bottest",{"text":"Gapped joined the custom lobby.","playerColor":1}]
received: 42["queue_update",{"playerIndices":[0],"playerColors":[0],"lobbyIndex":0,"isForcing":false,"numPlayers":1,"numForce":[],"teams":[1],"usernames":["Gapped"],"options":{"map":null,"modifiers":[]}}]
received: 42["queue_update",{"playerIndices":[0],"playerColors":[0],"lobbyIndex":0,"isForcing":false,"numPlayers":1,"numForce":[],"teams":[1],"usernames":["Gapped"],"options":{"map":null,"modifiers":[3]}}]
received: 42["chat_message","chat_custom_queue_bottest",{"text":"Gapped enabled the Crystal Clear modifier.","playerColor":0}]
received: 435[]
